TN:
SF:src/app/AppShell.tsx
FN:17,AppShell
FN:43,RoleBasedAppShell
FN:47,ResidentShell
FN:51,GuardShell
FN:55,AdminShell
FN:59,TreasurerShell
FN:63,FacilityShell
FNF:7
FNH:0
FNDA:0,AppShell
FNDA:0,RoleBasedAppShell
FNDA:0,ResidentShell
FNDA:0,GuardShell
FNDA:0,AdminShell
FNDA:0,TreasurerShell
FNDA:0,FacilityShell
DA:25,0
DA:44,0
DA:48,0
DA:52,0
DA:56,0
DA:60,0
DA:64,0
DA:67,0
LF:8
LH:0
BRDA:23,0,0,0
BRF:1
BRH:0
end_of_record
TN:
SF:src/app/navigation/AdminNavigator.tsx
FN:20,AdminNavigator
FNF:1
FNH:0
FNDA:0,AdminNavigator
DA:17,0
DA:18,0
DA:21,0
LF:3
LH:0
BRF:0
BRH:0
end_of_record
TN:
SF:src/app/navigation/AppModeNavigator.tsx
FN:11,AppModeNavigator
FNF:1
FNH:0
FNDA:0,AppModeNavigator
DA:9,0
DA:12,0
LF:2
LH:0
BRF:0
BRH:0
end_of_record
TN:
SF:src/app/navigation/CommunityStack.tsx
FN:42,CommunityStack
FNF:1
FNH:0
FNDA:0,CommunityStack
DA:40,0
DA:43,0
LF:2
LH:0
BRF:0
BRH:0
end_of_record
TN:
SF:src/app/navigation/ComplianceOpsStack.tsx
FN:61,ComplianceOpsStack
FNF:1
FNH:0
FNDA:0,ComplianceOpsStack
DA:59,0
DA:62,0
LF:2
LH:0
BRF:0
BRH:0
end_of_record
TN:
SF:src/app/navigation/EmergencySafetyStack.tsx
FN:37,EmergencySafetyStack
FNF:1
FNH:0
FNDA:0,EmergencySafetyStack
DA:35,0
DA:38,0
LF:2
LH:0
BRF:0
BRH:0
end_of_record
TN:
SF:src/app/navigation/FacilityNavigator.tsx
FN:34,FacilityNavigator
FNF:1
FNH:0
FNDA:0,FacilityNavigator
DA:31,0
DA:32,0
DA:35,0
LF:3
LH:0
BRF:0
BRH:0
end_of_record
TN:
SF:src/app/navigation/FacilityStack.tsx
FN:26,FacilityStack
FNF:1
FNH:0
FNDA:0,FacilityStack
DA:23,0
DA:24,0
DA:27,0
LF:3
LH:0
BRF:0
BRH:0
end_of_record
TN:
SF:src/app/navigation/GovernanceStack.tsx
FN:26,GovernanceStack
FNF:1
FNH:0
FNDA:0,GovernanceStack
DA:23,0
DA:24,0
DA:27,0
LF:3
LH:0
BRF:0
BRH:0
end_of_record
TN:
SF:src/app/navigation/GuardNavigator.tsx
FN:40,GuardTabNavigator
FN:51,(anonymous_1)
FN:73,(anonymous_2)
FN:117,GuardNavigator
FNF:4
FNH:0
FNDA:0,GuardTabNavigator
FNDA:0,(anonymous_1)
FNDA:0,(anonymous_2)
FNDA:0,GuardNavigator
DA:29,0
DA:30,0
DA:32,0
DA:41,0
DA:42,0
DA:43,0
DA:45,0
DA:46,0
DA:47,0
DA:49,0
DA:51,0
DA:74,0
DA:75,0
DA:76,0
DA:109,0
DA:118,0
DA:136,0
LF:17
LH:0
BRDA:45,0,0,0
BRDA:45,0,1,0
BRDA:57,1,0,0
BRDA:57,1,1,0
BRDA:58,2,0,0
BRDA:58,2,1,0
BRDA:59,3,0,0
BRDA:59,3,1,0
BRDA:75,4,0,0
BRDA:75,4,1,0
BRDA:76,5,0,0
BRDA:76,5,1,0
BRF:12
BRH:0
end_of_record
TN:
SF:src/app/navigation/HardwareIntegrationStack.tsx
FN:38,HardwareIntegrationStack
FNF:1
FNH:0
FNDA:0,HardwareIntegrationStack
DA:35,0
DA:36,0
DA:39,0
LF:3
LH:0
BRF:0
BRH:0
end_of_record
TN:
SF:src/app/navigation/InterFlatStack.tsx
FN:42,InterFlatStack
FNF:1
FNH:0
FNDA:0,InterFlatStack
DA:40,0
DA:43,0
LF:2
LH:0
BRF:0
BRH:0
end_of_record
TN:
SF:src/app/navigation/ParkingStack.tsx
FN:29,ParkingStack
FNF:1
FNH:0
FNDA:0,ParkingStack
DA:21,0
DA:23,0
DA:30,0
LF:3
LH:0
BRF:0
BRH:0
end_of_record
TN:
SF:src/app/navigation/ProfileNavigator.tsx
FN:20,ProfileNavigator
FNF:1
FNH:0
FNDA:0,ProfileNavigator
DA:18,0
DA:21,0
LF:2
LH:0
BRF:0
BRH:0
end_of_record
TN:
SF:src/app/navigation/ResidentConnectStack.tsx
FN:24,ResidentConnectStack
FNF:1
FNH:0
FNDA:0,ResidentConnectStack
DA:22,0
DA:25,0
LF:2
LH:0
BRF:0
BRH:0
end_of_record
TN:
SF:src/app/navigation/ResidentNavigator.tsx
FN:94,HomeStackNavigator
FN:144,VisitorStackNavigator
FN:154,ComplaintStackNavigator
FN:164,BillStackNavigator
FN:189,ResidentNavigator
FN:202,(anonymous_5)
FN:227,(anonymous_6)
FNF:7
FNH:0
FNDA:0,HomeStackNavigator
FNDA:0,VisitorStackNavigator
FNDA:0,ComplaintStackNavigator
FNDA:0,BillStackNavigator
FNDA:0,ResidentNavigator
FNDA:0,(anonymous_5)
FNDA:0,(anonymous_6)
DA:80,0
DA:81,0
DA:82,0
DA:83,0
DA:84,0
DA:86,0
DA:95,0
DA:145,0
DA:155,0
DA:165,0
DA:179,0
DA:190,0
DA:191,0
DA:192,0
DA:194,0
DA:195,0
DA:197,0
DA:199,0
DA:202,0
DA:228,0
DA:229,0
DA:230,0
DA:270,0
LF:23
LH:0
BRDA:194,0,0,0
BRDA:194,0,1,0
BRDA:208,1,0,0
BRDA:208,1,1,0
BRDA:209,2,0,0
BRDA:209,2,1,0
BRDA:210,3,0,0
BRDA:210,3,1,0
BRDA:229,4,0,0
BRDA:229,4,1,0
BRDA:233,5,0,0
BRDA:233,5,1,0
BRF:12
BRH:0
end_of_record
TN:
SF:src/app/navigation/RootNavigator.tsx
FN:22,RootNavigator
FNF:1
FNH:0
FNDA:0,RootNavigator
DA:16,0
DA:23,0
DA:25,0
DA:39,0
LF:4
LH:0
BRDA:41,0,0,0
BRDA:41,0,1,0
BRF:2
BRH:0
end_of_record
TN:
SF:src/app/navigation/StaffAttendanceStack.tsx
FN:35,StaffAttendanceStack
FNF:1
FNH:0
FNDA:0,StaffAttendanceStack
DA:32,0
DA:33,0
DA:36,0
LF:3
LH:0
BRF:0
BRH:0
end_of_record
TN:
SF:src/app/navigation/SuperAdminStack.tsx
FN:38,SuperAdminStack
FNF:1
FNH:0
FNDA:0,SuperAdminStack
DA:35,0
DA:36,0
DA:39,0
LF:3
LH:0
BRF:0
BRH:0
end_of_record
TN:
SF:src/app/navigation/TreasurerNavigator.tsx
FN:20,TreasurerNavigator
FNF:1
FNH:0
FNDA:0,TreasurerNavigator
DA:17,0
DA:18,0
DA:21,0
LF:3
LH:0
BRF:0
BRH:0
end_of_record
TN:
SF:src/app/navigation/navigation.types.ts
FNF:0
FNH:0
LF:0
LH:0
BRF:0
BRH:0
end_of_record
TN:
SF:src/app/navigation/navigationGuards.ts
FN:7,canAccessRoute
FNF:1
FNH:0
FNDA:0,canAccessRoute
DA:8,0
DA:9,0
DA:11,0
LF:3
LH:0
BRDA:8,0,0,0
BRDA:8,0,1,0
BRF:2
BRH:0
end_of_record
TN:
SF:src/app/navigation/routeNames.ts
FNF:0
FNH:0
DA:1,0
DA:12,0
LF:2
LH:0
BRF:0
BRH:0
end_of_record
TN:
SF:src/core/api/api.types.ts
FNF:0
FNH:0
LF:0
LH:0
BRF:0
BRH:0
end_of_record
TN:
SF:src/core/api/apiClient.ts
FN:17,buildUrl
FN:19,(anonymous_1)
FN:27,buildHeaders
FN:60,request
FN:63,(anonymous_4)
FN:103,(anonymous_5)
FN:105,(anonymous_6)
FN:107,(anonymous_7)
FN:109,(anonymous_8)
FN:111,(anonymous_9)
FNF:10
FNH:6
FNDA:2,buildUrl
FNDA:1,(anonymous_1)
FNDA:2,buildHeaders
FNDA:2,request
FNDA:0,(anonymous_4)
FNDA:1,(anonymous_5)
FNDA:1,(anonymous_6)
FNDA:0,(anonymous_7)
FNDA:0,(anonymous_8)
FNDA:0,(anonymous_9)
DA:18,2
DA:19,2
DA:20,1
DA:21,1
DA:24,2
DA:28,2
DA:32,2
DA:33,2
DA:41,2
DA:42,1
DA:44,2
DA:45,2
DA:47,2
DA:48,2
DA:50,2
DA:51,2
DA:53,2
DA:54,0
DA:57,2
DA:61,2
DA:62,2
DA:63,0
DA:67,2
DA:68,2
DA:75,2
DA:77,2
DA:78,0
DA:85,0
DA:94,2
DA:96,0
DA:98,2
DA:102,1
DA:104,1
DA:106,1
DA:108,0
DA:110,0
DA:112,0
LF:37
LH:29
BRDA:19,0,0,2
BRDA:19,0,1,1
BRDA:20,1,0,1
BRDA:20,1,1,0
BRDA:36,2,0,2
BRDA:36,2,1,0
BRDA:41,3,0,1
BRDA:41,3,1,1
BRDA:44,4,0,2
BRDA:44,4,1,0
BRDA:47,5,0,2
BRDA:47,5,1,0
BRDA:50,6,0,2
BRDA:50,6,1,0
BRDA:53,7,0,0
BRDA:53,7,1,2
BRDA:60,8,0,0
BRDA:64,9,0,2
BRDA:64,9,1,2
BRDA:71,10,0,1
BRDA:71,10,1,1
BRDA:77,11,0,0
BRDA:77,11,1,2
BRDA:77,12,0,2
BRDA:77,12,1,2
BRDA:78,13,0,0
BRDA:78,13,1,0
BRDA:81,14,0,0
BRDA:81,14,1,0
BRF:29
BRH:17
end_of_record
TN:
SF:src/core/api/apiConfig.ts
FNF:0
FNH:0
DA:3,1
LF:1
LH:1
BRF:0
BRH:0
end_of_record
TN:
SF:src/core/api/apiEndpoints.ts
FN:4,(anonymous_0)
FN:5,(anonymous_1)
FN:6,(anonymous_2)
FN:25,(anonymous_3)
FN:26,(anonymous_4)
FN:27,(anonymous_5)
FN:32,(anonymous_6)
FN:34,(anonymous_7)
FN:35,(anonymous_8)
FN:36,(anonymous_9)
FN:41,(anonymous_10)
FN:53,(anonymous_11)
FN:54,(anonymous_12)
FN:55,(anonymous_13)
FN:56,(anonymous_14)
FN:62,(anonymous_15)
FN:63,(anonymous_16)
FN:64,(anonymous_17)
FN:65,(anonymous_18)
FN:66,(anonymous_19)
FN:70,(anonymous_20)
FN:71,(anonymous_21)
FN:76,(anonymous_22)
FN:77,(anonymous_23)
FN:79,(anonymous_24)
FN:80,(anonymous_25)
FN:86,(anonymous_26)
FN:87,(anonymous_27)
FN:88,(anonymous_28)
FN:89,(anonymous_29)
FN:90,(anonymous_30)
FN:91,(anonymous_31)
FN:96,(anonymous_32)
FN:97,(anonymous_33)
FN:98,(anonymous_34)
FN:99,(anonymous_35)
FN:100,(anonymous_36)
FN:101,(anonymous_37)
FN:105,(anonymous_38)
FN:107,(anonymous_39)
FN:108,(anonymous_40)
FN:110,(anonymous_41)
FN:111,(anonymous_42)
FN:114,(anonymous_43)
FN:115,(anonymous_44)
FN:116,(anonymous_45)
FN:117,(anonymous_46)
FN:118,(anonymous_47)
FN:119,(anonymous_48)
FN:120,(anonymous_49)
FN:121,(anonymous_50)
FN:122,(anonymous_51)
FN:123,(anonymous_52)
FN:124,(anonymous_53)
FN:125,(anonymous_54)
FN:126,(anonymous_55)
FN:127,(anonymous_56)
FN:128,(anonymous_57)
FN:129,(anonymous_58)
FN:132,(anonymous_59)
FN:133,(anonymous_60)
FN:134,(anonymous_61)
FN:135,(anonymous_62)
FN:136,(anonymous_63)
FN:137,(anonymous_64)
FN:138,(anonymous_65)
FN:144,(anonymous_66)
FN:145,(anonymous_67)
FN:153,(anonymous_68)
FN:154,(anonymous_69)
FN:155,(anonymous_70)
FN:156,(anonymous_71)
FN:157,(anonymous_72)
FN:158,(anonymous_73)
FN:164,(anonymous_74)
FN:168,(anonymous_75)
FN:169,(anonymous_76)
FN:170,(anonymous_77)
FN:171,(anonymous_78)
FN:172,(anonymous_79)
FN:173,(anonymous_80)
FN:176,(anonymous_81)
FN:178,(anonymous_82)
FN:181,(anonymous_83)
FN:182,(anonymous_84)
FN:183,(anonymous_85)
FN:184,(anonymous_86)
FN:186,(anonymous_87)
FN:188,(anonymous_88)
FN:189,(anonymous_89)
FN:190,(anonymous_90)
FN:191,(anonymous_91)
FN:194,(anonymous_92)
FN:195,(anonymous_93)
FN:196,(anonymous_94)
FN:199,(anonymous_95)
FN:200,(anonymous_96)
FN:201,(anonymous_97)
FN:202,(anonymous_98)
FN:203,(anonymous_99)
FN:204,(anonymous_100)
FN:206,(anonymous_101)
FN:207,(anonymous_102)
FN:209,(anonymous_103)
FN:211,(anonymous_104)
FN:213,(anonymous_105)
FN:214,(anonymous_106)
FN:216,(anonymous_107)
FN:217,(anonymous_108)
FN:218,(anonymous_109)
FN:219,(anonymous_110)
FN:220,(anonymous_111)
FN:221,(anonymous_112)
FN:225,(anonymous_113)
FN:226,(anonymous_114)
FN:227,(anonymous_115)
FN:228,(anonymous_116)
FN:229,(anonymous_117)
FN:230,(anonymous_118)
FN:231,(anonymous_119)
FN:233,(anonymous_120)
FN:234,(anonymous_121)
FN:235,(anonymous_122)
FN:236,(anonymous_123)
FN:237,(anonymous_124)
FN:238,(anonymous_125)
FN:239,(anonymous_126)
FN:240,(anonymous_127)
FN:242,(anonymous_128)
FN:243,(anonymous_129)
FN:244,(anonymous_130)
FN:245,(anonymous_131)
FN:246,(anonymous_132)
FN:247,(anonymous_133)
FN:249,(anonymous_134)
FN:250,(anonymous_135)
FN:252,(anonymous_136)
FN:253,(anonymous_137)
FN:254,(anonymous_138)
FN:255,(anonymous_139)
FN:262,(anonymous_140)
FN:263,(anonymous_141)
FN:264,(anonymous_142)
FN:265,(anonymous_143)
FN:266,(anonymous_144)
FN:267,(anonymous_145)
FN:269,(anonymous_146)
FN:270,(anonymous_147)
FN:271,(anonymous_148)
FN:272,(anonymous_149)
FN:273,(anonymous_150)
FN:275,(anonymous_151)
FN:276,(anonymous_152)
FN:277,(anonymous_153)
FN:278,(anonymous_154)
FN:279,(anonymous_155)
FN:280,(anonymous_156)
FN:282,(anonymous_157)
FN:283,(anonymous_158)
FN:284,(anonymous_159)
FN:285,(anonymous_160)
FN:287,(anonymous_161)
FN:288,(anonymous_162)
FN:289,(anonymous_163)
FN:290,(anonymous_164)
FN:291,(anonymous_165)
FN:292,(anonymous_166)
FN:293,(anonymous_167)
FN:294,(anonymous_168)
FN:296,(anonymous_169)
FN:298,(anonymous_170)
FN:300,(anonymous_171)
FN:301,(anonymous_172)
FN:302,(anonymous_173)
FN:304,(anonymous_174)
FN:305,(anonymous_175)
FN:306,(anonymous_176)
FN:308,(anonymous_177)
FN:309,(anonymous_178)
FN:310,(anonymous_179)
FN:321,(anonymous_180)
FN:322,(anonymous_181)
FN:323,(anonymous_182)
FN:324,(anonymous_183)
FN:325,(anonymous_184)
FN:326,(anonymous_185)
FN:327,(anonymous_186)
FN:328,(anonymous_187)
FN:329,(anonymous_188)
FN:330,(anonymous_189)
FN:335,(anonymous_190)
FN:336,(anonymous_191)
FN:337,(anonymous_192)
FN:338,(anonymous_193)
FN:339,(anonymous_194)
FN:340,(anonymous_195)
FN:345,(anonymous_196)
FN:346,(anonymous_197)
FN:347,(anonymous_198)
FN:348,(anonymous_199)
FN:349,(anonymous_200)
FN:350,(anonymous_201)
FN:351,(anonymous_202)
FN:356,(anonymous_203)
FN:357,(anonymous_204)
FN:358,(anonymous_205)
FN:359,(anonymous_206)
FN:360,(anonymous_207)
FN:361,(anonymous_208)
FN:363,(anonymous_209)
FN:367,(anonymous_210)
FN:368,(anonymous_211)
FN:374,(anonymous_212)
FN:375,(anonymous_213)
FN:376,(anonymous_214)
FN:377,(anonymous_215)
FN:378,(anonymous_216)
FN:379,(anonymous_217)
FN:383,(anonymous_218)
FN:384,(anonymous_219)
FN:386,(anonymous_220)
FN:390,(anonymous_221)
FN:391,(anonymous_222)
FN:394,(anonymous_223)
FN:395,(anonymous_224)
FN:399,(anonymous_225)
FN:400,(anonymous_226)
FN:405,(anonymous_227)
FN:406,(anonymous_228)
FN:417,(anonymous_229)
FN:418,(anonymous_230)
FN:419,(anonymous_231)
FN:420,(anonymous_232)
FN:421,(anonymous_233)
FN:425,(anonymous_234)
FN:426,(anonymous_235)
FN:427,(anonymous_236)
FN:428,(anonymous_237)
FN:429,(anonymous_238)
FN:433,(anonymous_239)
FN:434,(anonymous_240)
FN:435,(anonymous_241)
FN:436,(anonymous_242)
FN:441,(anonymous_243)
FN:442,(anonymous_244)
FN:443,(anonymous_245)
FN:444,(anonymous_246)
FN:445,(anonymous_247)
FN:449,(anonymous_248)
FN:450,(anonymous_249)
FN:451,(anonymous_250)
FN:452,(anonymous_251)
FN:453,(anonymous_252)
FN:473,(anonymous_253)
FN:474,(anonymous_254)
FN:475,(anonymous_255)
FN:480,(anonymous_256)
FN:481,(anonymous_257)
FN:482,(anonymous_258)
FN:483,(anonymous_259)
FN:484,(anonymous_260)
FN:488,(anonymous_261)
FN:489,(anonymous_262)
FN:494,(anonymous_263)
FN:495,(anonymous_264)
FN:497,(anonymous_265)
FN:500,(anonymous_266)
FN:507,(anonymous_267)
FN:508,(anonymous_268)
FN:512,(anonymous_269)
FN:513,(anonymous_270)
FN:514,(anonymous_271)
FN:518,(anonymous_272)
FN:521,(anonymous_273)
FN:529,(anonymous_274)
FN:530,(anonymous_275)
FN:531,(anonymous_276)
FN:532,(anonymous_277)
FN:533,(anonymous_278)
FN:534,(anonymous_279)
FN:539,(anonymous_280)
FN:540,(anonymous_281)
FN:541,(anonymous_282)
FN:542,(anonymous_283)
FN:543,(anonymous_284)
FN:544,(anonymous_285)
FN:545,(anonymous_286)
FN:546,(anonymous_287)
FN:551,(anonymous_288)
FN:552,(anonymous_289)
FN:553,(anonymous_290)
FN:556,(anonymous_291)
FN:563,(anonymous_292)
FN:564,(anonymous_293)
FN:565,(anonymous_294)
FN:570,(anonymous_295)
FN:571,(anonymous_296)
FN:572,(anonymous_297)
FN:573,(anonymous_298)
FN:583,(anonymous_299)
FN:585,(anonymous_300)
FN:596,(anonymous_301)
FN:597,(anonymous_302)
FN:598,(anonymous_303)
FN:599,(anonymous_304)
FN:600,(anonymous_305)
FN:601,(anonymous_306)
FN:605,(anonymous_307)
FN:606,(anonymous_308)
FN:608,(anonymous_309)
FN:609,(anonymous_310)
FN:620,(anonymous_311)
FN:621,(anonymous_312)
FN:622,(anonymous_313)
FN:623,(anonymous_314)
FN:624,(anonymous_315)
FN:625,(anonymous_316)
FN:626,(anonymous_317)
FN:627,(anonymous_318)
FN:628,(anonymous_319)
FN:631,(anonymous_320)
FN:634,(anonymous_321)
FN:635,(anonymous_322)
FN:636,(anonymous_323)
FN:646,(anonymous_324)
FN:647,(anonymous_325)
FN:650,(anonymous_326)
FN:651,(anonymous_327)
FN:652,(anonymous_328)
FN:655,(anonymous_329)
FN:656,(anonymous_330)
FN:657,(anonymous_331)
FN:658,(anonymous_332)
FN:662,(anonymous_333)
FN:663,(anonymous_334)
FN:664,(anonymous_335)
FN:667,(anonymous_336)
FN:668,(anonymous_337)
FN:671,(anonymous_338)
FN:674,(anonymous_339)
FN:675,(anonymous_340)
FN:678,(anonymous_341)
FN:679,(anonymous_342)
FN:692,(anonymous_343)
FN:693,(anonymous_344)
FN:694,(anonymous_345)
FN:695,(anonymous_346)
FN:696,(anonymous_347)
FN:697,(anonymous_348)
FN:698,(anonymous_349)
FN:699,(anonymous_350)
FN:700,(anonymous_351)
FN:701,(anonymous_352)
FN:704,(anonymous_353)
FN:705,(anonymous_354)
FN:706,(anonymous_355)
FN:707,(anonymous_356)
FN:710,(anonymous_357)
FN:711,(anonymous_358)
FN:712,(anonymous_359)
FN:713,(anonymous_360)
FN:714,(anonymous_361)
FN:715,(anonymous_362)
FN:716,(anonymous_363)
FN:719,(anonymous_364)
FN:723,(anonymous_365)
FN:724,(anonymous_366)
FN:726,(anonymous_367)
FN:727,(anonymous_368)
FN:728,(anonymous_369)
FN:731,(anonymous_370)
FN:732,(anonymous_371)
FN:749,(anonymous_372)
FN:750,(anonymous_373)
FN:751,(anonymous_374)
FN:752,(anonymous_375)
FN:753,(anonymous_376)
FN:754,(anonymous_377)
FN:762,(anonymous_378)
FN:773,(anonymous_379)
FN:774,(anonymous_380)
FN:775,(anonymous_381)
FN:785,(anonymous_382)
FN:786,(anonymous_383)
FN:787,(anonymous_384)
FN:788,(anonymous_385)
FN:789,(anonymous_386)
FN:790,(anonymous_387)
FN:791,(anonymous_388)
FN:792,(anonymous_389)
FN:800,(anonymous_390)
FN:801,(anonymous_391)
FN:802,(anonymous_392)
FN:803,(anonymous_393)
FN:804,(anonymous_394)
FN:811,(anonymous_395)
FN:812,(anonymous_396)
FN:813,(anonymous_397)
FN:818,(anonymous_398)
FN:826,(anonymous_399)
FN:828,(anonymous_400)
FN:829,(anonymous_401)
FN:831,(anonymous_402)
FN:835,(anonymous_403)
FN:840,(anonymous_404)
FN:847,(anonymous_405)
FN:850,(anonymous_406)
FN:852,(anonymous_407)
FN:853,(anonymous_408)
FN:858,(anonymous_409)
FN:860,(anonymous_410)
FN:878,(anonymous_411)
FN:879,(anonymous_412)
FN:880,(anonymous_413)
FN:881,(anonymous_414)
FN:882,(anonymous_415)
FN:883,(anonymous_416)
FN:884,(anonymous_417)
FN:890,(anonymous_418)
FN:891,(anonymous_419)
FN:892,(anonymous_420)
FN:893,(anonymous_421)
FN:897,(anonymous_422)
FN:898,(anonymous_423)
FN:903,(anonymous_424)
FN:904,(anonymous_425)
FN:905,(anonymous_426)
FN:906,(anonymous_427)
FN:907,(anonymous_428)
FN:908,(anonymous_429)
FN:911,(anonymous_430)
FN:912,(anonymous_431)
FN:913,(anonymous_432)
FN:918,(anonymous_433)
FN:919,(anonymous_434)
FN:920,(anonymous_435)
FN:921,(anonymous_436)
FN:922,(anonymous_437)
FN:923,(anonymous_438)
FN:924,(anonymous_439)
FN:928,(anonymous_440)
FN:929,(anonymous_441)
FN:939,(anonymous_442)
FN:940,(anonymous_443)
FN:941,(anonymous_444)
FN:942,(anonymous_445)
FN:952,(anonymous_446)
FN:974,(anonymous_447)
FN:975,(anonymous_448)
FN:976,(anonymous_449)
FN:977,(anonymous_450)
FN:978,(anonymous_451)
FN:979,(anonymous_452)
FN:980,(anonymous_453)
FN:985,(anonymous_454)
FN:992,(anonymous_455)
FN:996,(anonymous_456)
FN:999,(anonymous_457)
FN:1000,(anonymous_458)
FN:1005,(anonymous_459)
FN:1011,(anonymous_460)
FN:1012,(anonymous_461)
FN:1019,(anonymous_462)
FN:1021,(anonymous_463)
FN:1031,(anonymous_464)
FN:1033,(anonymous_465)
FN:1035,(anonymous_466)
FN:1036,(anonymous_467)
FN:1037,(anonymous_468)
FN:1038,(anonymous_469)
FNF:470
FNH:0
FNDA:0,(anonymous_0)
FNDA:0,(anonymous_1)
FNDA:0,(anonymous_2)
FNDA:0,(anonymous_3)
FNDA:0,(anonymous_4)
FNDA:0,(anonymous_5)
FNDA:0,(anonymous_6)
FNDA:0,(anonymous_7)
FNDA:0,(anonymous_8)
FNDA:0,(anonymous_9)
FNDA:0,(anonymous_10)
FNDA:0,(anonymous_11)
FNDA:0,(anonymous_12)
FNDA:0,(anonymous_13)
FNDA:0,(anonymous_14)
FNDA:0,(anonymous_15)
FNDA:0,(anonymous_16)
FNDA:0,(anonymous_17)
FNDA:0,(anonymous_18)
FNDA:0,(anonymous_19)
FNDA:0,(anonymous_20)
FNDA:0,(anonymous_21)
FNDA:0,(anonymous_22)
FNDA:0,(anonymous_23)
FNDA:0,(anonymous_24)
FNDA:0,(anonymous_25)
FNDA:0,(anonymous_26)
FNDA:0,(anonymous_27)
FNDA:0,(anonymous_28)
FNDA:0,(anonymous_29)
FNDA:0,(anonymous_30)
FNDA:0,(anonymous_31)
FNDA:0,(anonymous_32)
FNDA:0,(anonymous_33)
FNDA:0,(anonymous_34)
FNDA:0,(anonymous_35)
FNDA:0,(anonymous_36)
FNDA:0,(anonymous_37)
FNDA:0,(anonymous_38)
FNDA:0,(anonymous_39)
FNDA:0,(anonymous_40)
FNDA:0,(anonymous_41)
FNDA:0,(anonymous_42)
FNDA:0,(anonymous_43)
FNDA:0,(anonymous_44)
FNDA:0,(anonymous_45)
FNDA:0,(anonymous_46)
FNDA:0,(anonymous_47)
FNDA:0,(anonymous_48)
FNDA:0,(anonymous_49)
FNDA:0,(anonymous_50)
FNDA:0,(anonymous_51)
FNDA:0,(anonymous_52)
FNDA:0,(anonymous_53)
FNDA:0,(anonymous_54)
FNDA:0,(anonymous_55)
FNDA:0,(anonymous_56)
FNDA:0,(anonymous_57)
FNDA:0,(anonymous_58)
FNDA:0,(anonymous_59)
FNDA:0,(anonymous_60)
FNDA:0,(anonymous_61)
FNDA:0,(anonymous_62)
FNDA:0,(anonymous_63)
FNDA:0,(anonymous_64)
FNDA:0,(anonymous_65)
FNDA:0,(anonymous_66)
FNDA:0,(anonymous_67)
FNDA:0,(anonymous_68)
FNDA:0,(anonymous_69)
FNDA:0,(anonymous_70)
FNDA:0,(anonymous_71)
FNDA:0,(anonymous_72)
FNDA:0,(anonymous_73)
FNDA:0,(anonymous_74)
FNDA:0,(anonymous_75)
FNDA:0,(anonymous_76)
FNDA:0,(anonymous_77)
FNDA:0,(anonymous_78)
FNDA:0,(anonymous_79)
FNDA:0,(anonymous_80)
FNDA:0,(anonymous_81)
FNDA:0,(anonymous_82)
FNDA:0,(anonymous_83)
FNDA:0,(anonymous_84)
FNDA:0,(anonymous_85)
FNDA:0,(anonymous_86)
FNDA:0,(anonymous_87)
FNDA:0,(anonymous_88)
FNDA:0,(anonymous_89)
FNDA:0,(anonymous_90)
FNDA:0,(anonymous_91)
FNDA:0,(anonymous_92)
FNDA:0,(anonymous_93)
FNDA:0,(anonymous_94)
FNDA:0,(anonymous_95)
FNDA:0,(anonymous_96)
FNDA:0,(anonymous_97)
FNDA:0,(anonymous_98)
FNDA:0,(anonymous_99)
FNDA:0,(anonymous_100)
FNDA:0,(anonymous_101)
FNDA:0,(anonymous_102)
FNDA:0,(anonymous_103)
FNDA:0,(anonymous_104)
FNDA:0,(anonymous_105)
FNDA:0,(anonymous_106)
FNDA:0,(anonymous_107)
FNDA:0,(anonymous_108)
FNDA:0,(anonymous_109)
FNDA:0,(anonymous_110)
FNDA:0,(anonymous_111)
FNDA:0,(anonymous_112)
FNDA:0,(anonymous_113)
FNDA:0,(anonymous_114)
FNDA:0,(anonymous_115)
FNDA:0,(anonymous_116)
FNDA:0,(anonymous_117)
FNDA:0,(anonymous_118)
FNDA:0,(anonymous_119)
FNDA:0,(anonymous_120)
FNDA:0,(anonymous_121)
FNDA:0,(anonymous_122)
FNDA:0,(anonymous_123)
FNDA:0,(anonymous_124)
FNDA:0,(anonymous_125)
FNDA:0,(anonymous_126)
FNDA:0,(anonymous_127)
FNDA:0,(anonymous_128)
FNDA:0,(anonymous_129)
FNDA:0,(anonymous_130)
FNDA:0,(anonymous_131)
FNDA:0,(anonymous_132)
FNDA:0,(anonymous_133)
FNDA:0,(anonymous_134)
FNDA:0,(anonymous_135)
FNDA:0,(anonymous_136)
FNDA:0,(anonymous_137)
FNDA:0,(anonymous_138)
FNDA:0,(anonymous_139)
FNDA:0,(anonymous_140)
FNDA:0,(anonymous_141)
FNDA:0,(anonymous_142)
FNDA:0,(anonymous_143)
FNDA:0,(anonymous_144)
FNDA:0,(anonymous_145)
FNDA:0,(anonymous_146)
FNDA:0,(anonymous_147)
FNDA:0,(anonymous_148)
FNDA:0,(anonymous_149)
FNDA:0,(anonymous_150)
FNDA:0,(anonymous_151)
FNDA:0,(anonymous_152)
FNDA:0,(anonymous_153)
FNDA:0,(anonymous_154)
FNDA:0,(anonymous_155)
FNDA:0,(anonymous_156)
FNDA:0,(anonymous_157)
FNDA:0,(anonymous_158)
FNDA:0,(anonymous_159)
FNDA:0,(anonymous_160)
FNDA:0,(anonymous_161)
FNDA:0,(anonymous_162)
FNDA:0,(anonymous_163)
FNDA:0,(anonymous_164)
FNDA:0,(anonymous_165)
FNDA:0,(anonymous_166)
FNDA:0,(anonymous_167)
FNDA:0,(anonymous_168)
FNDA:0,(anonymous_169)
FNDA:0,(anonymous_170)
FNDA:0,(anonymous_171)
FNDA:0,(anonymous_172)
FNDA:0,(anonymous_173)
FNDA:0,(anonymous_174)
FNDA:0,(anonymous_175)
FNDA:0,(anonymous_176)
FNDA:0,(anonymous_177)
FNDA:0,(anonymous_178)
FNDA:0,(anonymous_179)
FNDA:0,(anonymous_180)
FNDA:0,(anonymous_181)
FNDA:0,(anonymous_182)
FNDA:0,(anonymous_183)
FNDA:0,(anonymous_184)
FNDA:0,(anonymous_185)
FNDA:0,(anonymous_186)
FNDA:0,(anonymous_187)
FNDA:0,(anonymous_188)
FNDA:0,(anonymous_189)
FNDA:0,(anonymous_190)
FNDA:0,(anonymous_191)
FNDA:0,(anonymous_192)
FNDA:0,(anonymous_193)
FNDA:0,(anonymous_194)
FNDA:0,(anonymous_195)
FNDA:0,(anonymous_196)
FNDA:0,(anonymous_197)
FNDA:0,(anonymous_198)
FNDA:0,(anonymous_199)
FNDA:0,(anonymous_200)
FNDA:0,(anonymous_201)
FNDA:0,(anonymous_202)
FNDA:0,(anonymous_203)
FNDA:0,(anonymous_204)
FNDA:0,(anonymous_205)
FNDA:0,(anonymous_206)
FNDA:0,(anonymous_207)
FNDA:0,(anonymous_208)
FNDA:0,(anonymous_209)
FNDA:0,(anonymous_210)
FNDA:0,(anonymous_211)
FNDA:0,(anonymous_212)
FNDA:0,(anonymous_213)
FNDA:0,(anonymous_214)
FNDA:0,(anonymous_215)
FNDA:0,(anonymous_216)
FNDA:0,(anonymous_217)
FNDA:0,(anonymous_218)
FNDA:0,(anonymous_219)
FNDA:0,(anonymous_220)
FNDA:0,(anonymous_221)
FNDA:0,(anonymous_222)
FNDA:0,(anonymous_223)
FNDA:0,(anonymous_224)
FNDA:0,(anonymous_225)
FNDA:0,(anonymous_226)
FNDA:0,(anonymous_227)
FNDA:0,(anonymous_228)
FNDA:0,(anonymous_229)
FNDA:0,(anonymous_230)
FNDA:0,(anonymous_231)
FNDA:0,(anonymous_232)
FNDA:0,(anonymous_233)
FNDA:0,(anonymous_234)
FNDA:0,(anonymous_235)
FNDA:0,(anonymous_236)
FNDA:0,(anonymous_237)
FNDA:0,(anonymous_238)
FNDA:0,(anonymous_239)
FNDA:0,(anonymous_240)
FNDA:0,(anonymous_241)
FNDA:0,(anonymous_242)
FNDA:0,(anonymous_243)
FNDA:0,(anonymous_244)
FNDA:0,(anonymous_245)
FNDA:0,(anonymous_246)
FNDA:0,(anonymous_247)
FNDA:0,(anonymous_248)
FNDA:0,(anonymous_249)
FNDA:0,(anonymous_250)
FNDA:0,(anonymous_251)
FNDA:0,(anonymous_252)
FNDA:0,(anonymous_253)
FNDA:0,(anonymous_254)
FNDA:0,(anonymous_255)
FNDA:0,(anonymous_256)
FNDA:0,(anonymous_257)
FNDA:0,(anonymous_258)
FNDA:0,(anonymous_259)
FNDA:0,(anonymous_260)
FNDA:0,(anonymous_261)
FNDA:0,(anonymous_262)
FNDA:0,(anonymous_263)
FNDA:0,(anonymous_264)
FNDA:0,(anonymous_265)
FNDA:0,(anonymous_266)
FNDA:0,(anonymous_267)
FNDA:0,(anonymous_268)
FNDA:0,(anonymous_269)
FNDA:0,(anonymous_270)
FNDA:0,(anonymous_271)
FNDA:0,(anonymous_272)
FNDA:0,(anonymous_273)
FNDA:0,(anonymous_274)
FNDA:0,(anonymous_275)
FNDA:0,(anonymous_276)
FNDA:0,(anonymous_277)
FNDA:0,(anonymous_278)
FNDA:0,(anonymous_279)
FNDA:0,(anonymous_280)
FNDA:0,(anonymous_281)
FNDA:0,(anonymous_282)
FNDA:0,(anonymous_283)
FNDA:0,(anonymous_284)
FNDA:0,(anonymous_285)
FNDA:0,(anonymous_286)
FNDA:0,(anonymous_287)
FNDA:0,(anonymous_288)
FNDA:0,(anonymous_289)
FNDA:0,(anonymous_290)
FNDA:0,(anonymous_291)
FNDA:0,(anonymous_292)
FNDA:0,(anonymous_293)
FNDA:0,(anonymous_294)
FNDA:0,(anonymous_295)
FNDA:0,(anonymous_296)
FNDA:0,(anonymous_297)
FNDA:0,(anonymous_298)
FNDA:0,(anonymous_299)
FNDA:0,(anonymous_300)
FNDA:0,(anonymous_301)
FNDA:0,(anonymous_302)
FNDA:0,(anonymous_303)
FNDA:0,(anonymous_304)
FNDA:0,(anonymous_305)
FNDA:0,(anonymous_306)
FNDA:0,(anonymous_307)
FNDA:0,(anonymous_308)
FNDA:0,(anonymous_309)
FNDA:0,(anonymous_310)
FNDA:0,(anonymous_311)
FNDA:0,(anonymous_312)
FNDA:0,(anonymous_313)
FNDA:0,(anonymous_314)
FNDA:0,(anonymous_315)
FNDA:0,(anonymous_316)
FNDA:0,(anonymous_317)
FNDA:0,(anonymous_318)
FNDA:0,(anonymous_319)
FNDA:0,(anonymous_320)
FNDA:0,(anonymous_321)
FNDA:0,(anonymous_322)
FNDA:0,(anonymous_323)
FNDA:0,(anonymous_324)
FNDA:0,(anonymous_325)
FNDA:0,(anonymous_326)
FNDA:0,(anonymous_327)
FNDA:0,(anonymous_328)
FNDA:0,(anonymous_329)
FNDA:0,(anonymous_330)
FNDA:0,(anonymous_331)
FNDA:0,(anonymous_332)
FNDA:0,(anonymous_333)
FNDA:0,(anonymous_334)
FNDA:0,(anonymous_335)
FNDA:0,(anonymous_336)
FNDA:0,(anonymous_337)
FNDA:0,(anonymous_338)
FNDA:0,(anonymous_339)
FNDA:0,(anonymous_340)
FNDA:0,(anonymous_341)
FNDA:0,(anonymous_342)
FNDA:0,(anonymous_343)
FNDA:0,(anonymous_344)
FNDA:0,(anonymous_345)
FNDA:0,(anonymous_346)
FNDA:0,(anonymous_347)
FNDA:0,(anonymous_348)
FNDA:0,(anonymous_349)
FNDA:0,(anonymous_350)
FNDA:0,(anonymous_351)
FNDA:0,(anonymous_352)
FNDA:0,(anonymous_353)
FNDA:0,(anonymous_354)
FNDA:0,(anonymous_355)
FNDA:0,(anonymous_356)
FNDA:0,(anonymous_357)
FNDA:0,(anonymous_358)
FNDA:0,(anonymous_359)
FNDA:0,(anonymous_360)
FNDA:0,(anonymous_361)
FNDA:0,(anonymous_362)
FNDA:0,(anonymous_363)
FNDA:0,(anonymous_364)
FNDA:0,(anonymous_365)
FNDA:0,(anonymous_366)
FNDA:0,(anonymous_367)
FNDA:0,(anonymous_368)
FNDA:0,(anonymous_369)
FNDA:0,(anonymous_370)
FNDA:0,(anonymous_371)
FNDA:0,(anonymous_372)
FNDA:0,(anonymous_373)
FNDA:0,(anonymous_374)
FNDA:0,(anonymous_375)
FNDA:0,(anonymous_376)
FNDA:0,(anonymous_377)
FNDA:0,(anonymous_378)
FNDA:0,(anonymous_379)
FNDA:0,(anonymous_380)
FNDA:0,(anonymous_381)
FNDA:0,(anonymous_382)
FNDA:0,(anonymous_383)
FNDA:0,(anonymous_384)
FNDA:0,(anonymous_385)
FNDA:0,(anonymous_386)
FNDA:0,(anonymous_387)
FNDA:0,(anonymous_388)
FNDA:0,(anonymous_389)
FNDA:0,(anonymous_390)
FNDA:0,(anonymous_391)
FNDA:0,(anonymous_392)
FNDA:0,(anonymous_393)
FNDA:0,(anonymous_394)
FNDA:0,(anonymous_395)
FNDA:0,(anonymous_396)
FNDA:0,(anonymous_397)
FNDA:0,(anonymous_398)
FNDA:0,(anonymous_399)
FNDA:0,(anonymous_400)
FNDA:0,(anonymous_401)
FNDA:0,(anonymous_402)
FNDA:0,(anonymous_403)
FNDA:0,(anonymous_404)
FNDA:0,(anonymous_405)
FNDA:0,(anonymous_406)
FNDA:0,(anonymous_407)
FNDA:0,(anonymous_408)
FNDA:0,(anonymous_409)
FNDA:0,(anonymous_410)
FNDA:0,(anonymous_411)
FNDA:0,(anonymous_412)
FNDA:0,(anonymous_413)
FNDA:0,(anonymous_414)
FNDA:0,(anonymous_415)
FNDA:0,(anonymous_416)
FNDA:0,(anonymous_417)
FNDA:0,(anonymous_418)
FNDA:0,(anonymous_419)
FNDA:0,(anonymous_420)
FNDA:0,(anonymous_421)
FNDA:0,(anonymous_422)
FNDA:0,(anonymous_423)
FNDA:0,(anonymous_424)
FNDA:0,(anonymous_425)
FNDA:0,(anonymous_426)
FNDA:0,(anonymous_427)
FNDA:0,(anonymous_428)
FNDA:0,(anonymous_429)
FNDA:0,(anonymous_430)
FNDA:0,(anonymous_431)
FNDA:0,(anonymous_432)
FNDA:0,(anonymous_433)
FNDA:0,(anonymous_434)
FNDA:0,(anonymous_435)
FNDA:0,(anonymous_436)
FNDA:0,(anonymous_437)
FNDA:0,(anonymous_438)
FNDA:0,(anonymous_439)
FNDA:0,(anonymous_440)
FNDA:0,(anonymous_441)
FNDA:0,(anonymous_442)
FNDA:0,(anonymous_443)
FNDA:0,(anonymous_444)
FNDA:0,(anonymous_445)
FNDA:0,(anonymous_446)
FNDA:0,(anonymous_447)
FNDA:0,(anonymous_448)
FNDA:0,(anonymous_449)
FNDA:0,(anonymous_450)
FNDA:0,(anonymous_451)
FNDA:0,(anonymous_452)
FNDA:0,(anonymous_453)
FNDA:0,(anonymous_454)
FNDA:0,(anonymous_455)
FNDA:0,(anonymous_456)
FNDA:0,(anonymous_457)
FNDA:0,(anonymous_458)
FNDA:0,(anonymous_459)
FNDA:0,(anonymous_460)
FNDA:0,(anonymous_461)
FNDA:0,(anonymous_462)
FNDA:0,(anonymous_463)
FNDA:0,(anonymous_464)
FNDA:0,(anonymous_465)
FNDA:0,(anonymous_466)
FNDA:0,(anonymous_467)
FNDA:0,(anonymous_468)
FNDA:0,(anonymous_469)
DA:1,0
DA:4,0
DA:5,0
DA:6,0
DA:25,0
DA:26,0
DA:28,0
DA:32,0
DA:34,0
DA:35,0
DA:36,0
DA:41,0
DA:53,0
DA:54,0
DA:55,0
DA:56,0
DA:62,0
DA:63,0
DA:64,0
DA:65,0
DA:66,0
DA:70,0
DA:71,0
DA:76,0
DA:77,0
DA:79,0
DA:80,0
DA:86,0
DA:87,0
DA:88,0
DA:89,0
DA:90,0
DA:91,0
DA:96,0
DA:97,0
DA:98,0
DA:99,0
DA:100,0
DA:101,0
DA:105,0
DA:107,0
DA:109,0
DA:110,0
DA:111,0
DA:114,0
DA:115,0
DA:116,0
DA:117,0
DA:118,0
DA:119,0
DA:120,0
DA:121,0
DA:122,0
DA:123,0
DA:124,0
DA:125,0
DA:126,0
DA:127,0
DA:128,0
DA:129,0
DA:132,0
DA:133,0
DA:134,0
DA:135,0
DA:136,0
DA:137,0
DA:138,0
DA:144,0
DA:145,0
DA:153,0
DA:154,0
DA:155,0
DA:156,0
DA:157,0
DA:158,0
DA:164,0
DA:168,0
DA:169,0
DA:170,0
DA:171,0
DA:172,0
DA:173,0
DA:176,0
DA:178,0
DA:181,0
DA:182,0
DA:183,0
DA:185,0
DA:186,0
DA:188,0
DA:189,0
DA:190,0
DA:192,0
DA:194,0
DA:195,0
DA:196,0
DA:199,0
DA:200,0
DA:201,0
DA:202,0
DA:203,0
DA:204,0
DA:206,0
DA:207,0
DA:209,0
DA:211,0
DA:213,0
DA:214,0
DA:216,0
DA:217,0
DA:218,0
DA:219,0
DA:220,0
DA:221,0
DA:225,0
DA:226,0
DA:227,0
DA:228,0
DA:229,0
DA:230,0
DA:231,0
DA:233,0
DA:234,0
DA:235,0
DA:236,0
DA:237,0
DA:238,0
DA:239,0
DA:240,0
DA:242,0
DA:243,0
DA:244,0
DA:245,0
DA:246,0
DA:247,0
DA:249,0
DA:250,0
DA:252,0
DA:253,0
DA:254,0
DA:255,0
DA:262,0
DA:263,0
DA:264,0
DA:265,0
DA:266,0
DA:267,0
DA:269,0
DA:270,0
DA:271,0
DA:272,0
DA:273,0
DA:275,0
DA:276,0
DA:277,0
DA:278,0
DA:279,0
DA:280,0
DA:282,0
DA:283,0
DA:284,0
DA:285,0
DA:287,0
DA:288,0
DA:289,0
DA:290,0
DA:291,0
DA:292,0
DA:293,0
DA:294,0
DA:296,0
DA:298,0
DA:300,0
DA:301,0
DA:302,0
DA:304,0
DA:305,0
DA:306,0
DA:308,0
DA:309,0
DA:310,0
DA:321,0
DA:322,0
DA:323,0
DA:324,0
DA:325,0
DA:326,0
DA:327,0
DA:328,0
DA:329,0
DA:330,0
DA:335,0
DA:336,0
DA:337,0
DA:338,0
DA:339,0
DA:340,0
DA:345,0
DA:346,0
DA:347,0
DA:348,0
DA:349,0
DA:350,0
DA:351,0
DA:356,0
DA:357,0
DA:358,0
DA:359,0
DA:360,0
DA:361,0
DA:363,0
DA:367,0
DA:368,0
DA:374,0
DA:375,0
DA:376,0
DA:377,0
DA:378,0
DA:379,0
DA:383,0
DA:384,0
DA:386,0
DA:390,0
DA:391,0
DA:394,0
DA:395,0
DA:399,0
DA:400,0
DA:405,0
DA:406,0
DA:417,0
DA:418,0
DA:419,0
DA:420,0
DA:421,0
DA:425,0
DA:426,0
DA:427,0
DA:428,0
DA:429,0
DA:433,0
DA:434,0
DA:435,0
DA:436,0
DA:441,0
DA:442,0
DA:443,0
DA:444,0
DA:445,0
DA:449,0
DA:450,0
DA:451,0
DA:452,0
DA:453,0
DA:473,0
DA:474,0
DA:475,0
DA:480,0
DA:481,0
DA:482,0
DA:483,0
DA:484,0
DA:488,0
DA:489,0
DA:494,0
DA:495,0
DA:497,0
DA:500,0
DA:507,0
DA:508,0
DA:512,0
DA:513,0
DA:514,0
DA:518,0
DA:521,0
DA:529,0
DA:530,0
DA:531,0
DA:532,0
DA:533,0
DA:534,0
DA:539,0
DA:540,0
DA:541,0
DA:542,0
DA:543,0
DA:544,0
DA:545,0
DA:546,0
DA:551,0
DA:552,0
DA:553,0
DA:556,0
DA:563,0
DA:564,0
DA:565,0
DA:570,0
DA:571,0
DA:572,0
DA:573,0
DA:583,0
DA:585,0
DA:596,0
DA:597,0
DA:598,0
DA:599,0
DA:600,0
DA:601,0
DA:605,0
DA:606,0
DA:608,0
DA:609,0
DA:620,0
DA:621,0
DA:622,0
DA:623,0
DA:624,0
DA:625,0
DA:626,0
DA:627,0
DA:628,0
DA:631,0
DA:634,0
DA:635,0
DA:636,0
DA:646,0
DA:647,0
DA:650,0
DA:651,0
DA:652,0
DA:655,0
DA:656,0
DA:657,0
DA:658,0
DA:662,0
DA:663,0
DA:664,0
DA:667,0
DA:668,0
DA:671,0
DA:674,0
DA:675,0
DA:678,0
DA:679,0
DA:692,0
DA:693,0
DA:694,0
DA:695,0
DA:696,0
DA:697,0
DA:698,0
DA:699,0
DA:700,0
DA:701,0
DA:704,0
DA:705,0
DA:706,0
DA:707,0
DA:710,0
DA:711,0
DA:712,0
DA:713,0
DA:714,0
DA:715,0
DA:716,0
DA:719,0
DA:723,0
DA:724,0
DA:726,0
DA:727,0
DA:728,0
DA:731,0
DA:732,0
DA:749,0
DA:750,0
DA:751,0
DA:752,0
DA:753,0
DA:754,0
DA:762,0
DA:773,0
DA:774,0
DA:775,0
DA:785,0
DA:786,0
DA:787,0
DA:788,0
DA:789,0
DA:790,0
DA:791,0
DA:792,0
DA:800,0
DA:801,0
DA:802,0
DA:803,0
DA:804,0
DA:811,0
DA:812,0
DA:813,0
DA:818,0
DA:826,0
DA:828,0
DA:829,0
DA:831,0
DA:835,0
DA:840,0
DA:847,0
DA:850,0
DA:852,0
DA:853,0
DA:858,0
DA:860,0
DA:878,0
DA:879,0
DA:880,0
DA:881,0
DA:882,0
DA:883,0
DA:885,0
DA:890,0
DA:891,0
DA:892,0
DA:893,0
DA:897,0
DA:899,0
DA:903,0
DA:904,0
DA:905,0
DA:906,0
DA:907,0
DA:908,0
DA:911,0
DA:912,0
DA:913,0
DA:918,0
DA:919,0
DA:920,0
DA:921,0
DA:922,0
DA:923,0
DA:924,0
DA:928,0
DA:929,0
DA:939,0
DA:940,0
DA:941,0
DA:942,0
DA:952,0
DA:974,0
DA:975,0
DA:976,0
DA:977,0
DA:978,0
DA:979,0
DA:980,0
DA:985,0
DA:992,0
DA:996,0
DA:999,0
DA:1000,0
DA:1005,0
DA:1011,0
DA:1012,0
DA:1019,0
DA:1021,0
DA:1031,0
DA:1033,0
DA:1035,0
DA:1036,0
DA:1037,0
DA:1038,0
LF:471
LH:0
BRF:0
BRH:0
end_of_record
TN:
SF:src/core/api/apiError.ts
FN:9,(anonymous_0)
FN:25,toApiClientError
FNF:2
FNH:0
FNDA:0,(anonymous_0)
FNDA:0,toApiClientError
DA:16,0
DA:17,0
DA:18,0
DA:19,0
DA:20,0
DA:21,0
DA:26,0
DA:27,0
DA:30,0
DA:31,0
DA:37,0
LF:11
LH:0
BRDA:26,0,0,0
BRDA:26,0,1,0
BRDA:30,1,0,0
BRDA:30,1,1,0
BRF:4
BRH:0
end_of_record
TN:
SF:src/core/api/idempotency.ts
FN:1,createIdempotencyKey
FNF:1
FNH:1
FNDA:2,createIdempotencyKey
DA:2,2
DA:3,2
LF:2
LH:2
BRDA:3,0,0,2
BRDA:3,0,1,0
BRF:2
BRH:1
end_of_record
TN:
SF:src/core/api/requestContext.ts
FN:12,createCorrelationId
FN:16,getMockRequestContext
FNF:2
FNH:2
FNDA:5,createCorrelationId
FNDA:4,getMockRequestContext
DA:13,5
DA:17,4
LF:2
LH:2
BRDA:12,0,0,4
BRF:1
BRH:1
end_of_record
TN:
SF:src/core/audit/audit.types.ts
FNF:0
FNH:0
LF:0
LH:0
BRF:0
BRH:0
end_of_record
TN:
SF:src/core/audit/auditEventBuilder.ts
FN:13,sanitizeMetadata
FN:15,(anonymous_1)
FN:22,buildAuditEvent
FNF:3
FNH:3
FNDA:1,sanitizeMetadata
FNDA:2,(anonymous_1)
FNDA:1,buildAuditEvent
DA:4,1
DA:14,1
DA:16,2
DA:23,1
DA:24,1
LF:5
LH:5
BRDA:13,0,0,0
BRDA:16,1,0,2
BRDA:16,1,1,2
BRDA:26,2,0,1
BRDA:26,2,1,0
BRDA:27,3,0,1
BRDA:27,3,1,0
BRDA:28,4,0,1
BRDA:28,4,1,0
BRDA:33,5,0,1
BRDA:33,5,1,0
BRF:11
BRH:6
end_of_record
TN:
SF:src/core/audit/auditEvents.ts
FNF:0
FNH:0
DA:3,0
LF:1
LH:0
BRF:0
BRH:0
end_of_record
TN:
SF:src/core/auth/authNavigation.ts
FN:3,resetToAppModeSelector
FNF:1
FNH:0
FNDA:0,resetToAppModeSelector
DA:4,0
DA:5,0
DA:7,0
DA:8,0
DA:9,0
DA:12,0
LF:6
LH:0
BRF:0
BRH:0
end_of_record
TN:
SF:src/core/auth/authSession.types.ts
FNF:0
FNH:0
LF:0
LH:0
BRF:0
BRH:0
end_of_record
TN:
SF:src/core/auth/logout.ts
FN:4,logoutCurrentSession
FNF:1
FNH:1
FNDA:6,logoutCurrentSession
DA:5,6
DA:6,6
DA:7,6
LF:3
LH:3
BRF:0
BRH:0
end_of_record
TN:
SF:src/core/auth/mockSession.ts
FN:77,createMockSessionForRoute
FN:91,getMockSessionSeedForRole
FN:92,(anonymous_2)
FNF:3
FNH:1
FNDA:1,createMockSessionForRoute
FNDA:0,getMockSessionSeedForRole
FNDA:0,(anonymous_2)
DA:19,1
DA:29,1
DA:78,1
DA:79,1
DA:80,0
DA:83,1
DA:92,0
DA:93,0
DA:95,0
LF:9
LH:5
BRDA:79,0,0,0
BRDA:79,0,1,1
BRDA:93,1,0,0
BRDA:93,1,1,0
BRF:4
BRH:1
end_of_record
TN:
SF:src/core/auth/sessionStore.ts
FN:9,emitSessionChange
FN:10,(anonymous_1)
FN:13,getCurrentSession
FN:17,getSessionSnapshot
FN:24,subscribeToSession
FN:26,(anonymous_5)
FN:31,setCurrentSession
FN:39,clearCurrentSession
FN:44,clearSensitiveCachedDataPlaceholder
FNF:9
FNH:8
FNDA:12,emitSessionChange
FNDA:4,(anonymous_1)
FNDA:30,getCurrentSession
FNDA:0,getSessionSnapshot
FNDA:6,subscribeToSession
FNDA:6,(anonymous_5)
FNDA:6,setCurrentSession
FNDA:6,clearCurrentSession
FNDA:6,clearSensitiveCachedDataPlaceholder
DA:6,5
DA:7,5
DA:10,12
DA:14,30
DA:18,0
DA:25,6
DA:26,6
DA:27,6
DA:32,6
DA:33,6
DA:34,3
DA:36,6
DA:40,6
DA:41,6
DA:45,6
LF:15
LH:14
BRDA:20,0,0,0
BRDA:20,0,1,0
BRDA:33,1,0,3
BRDA:33,1,1,3
BRF:4
BRH:2
end_of_record
TN:
SF:src/core/auth/tokenStore.ts
FN:3,getAccessToken
FN:7,setAccessToken
FN:11,clearTokens
FNF:3
FNH:3
FNDA:4,getAccessToken
FNDA:4,setAccessToken
FNDA:8,clearTokens
DA:1,6
DA:4,4
DA:8,4
DA:12,8
LF:4
LH:4
BRF:0
BRH:0
end_of_record
TN:
SF:src/core/auth/useAuthSession.ts
FN:13,useAuthSession
FN:20,(anonymous_1)
FN:28,(anonymous_2)
FN:34,(anonymous_3)
FNF:4
FNH:3
FNDA:3,useAuthSession
FNDA:1,(anonymous_1)
FNDA:0,(anonymous_2)
FNDA:1,(anonymous_3)
DA:14,3
DA:20,3
DA:21,1
DA:22,1
DA:23,1
DA:25,1
DA:28,3
DA:29,0
DA:30,0
DA:31,0
DA:34,3
DA:35,1
DA:38,3
LF:13
LH:10
BRDA:22,0,0,1
BRDA:22,0,1,0
BRF:2
BRH:1
end_of_record
TN:
SF:src/core/config/appConfig.ts
FNF:0
FNH:0
DA:3,1
LF:1
LH:1
BRF:0
BRH:0
end_of_record
TN:
SF:src/core/config/dataSourceMode.ts
FNF:0
FNH:0
DA:3,1
LF:1
LH:1
BRF:0
BRH:0
end_of_record
TN:
SF:src/core/device/cameraPermissions.ts
FN:4,checkCameraPermissions
FN:12,requestCameraPermissions
FNF:2
FNH:0
FNDA:0,checkCameraPermissions
FNDA:0,requestCameraPermissions
DA:5,0
DA:6,0
DA:13,0
DA:14,0
LF:4
LH:0
BRDA:7,0,0,0
BRDA:7,0,1,0
BRDA:7,1,0,0
BRDA:7,1,1,0
BRDA:15,2,0,0
BRDA:15,2,1,0
BRDA:15,3,0,0
BRDA:15,3,1,0
BRF:8
BRH:0
end_of_record
TN:
SF:src/core/device/deviceCapabilityError.ts
FN:1,resolveDeviceCapabilityError
FN:11,resolvePermissionDeniedError
FNF:2
FNH:0
FNDA:0,resolveDeviceCapabilityError
FNDA:0,resolvePermissionDeniedError
DA:2,0
DA:3,0
DA:5,0
DA:6,0
DA:8,0
DA:12,0
DA:13,0
DA:15,0
DA:16,0
DA:18,0
LF:10
LH:0
BRDA:2,0,0,0
BRDA:2,0,1,0
BRDA:5,1,0,0
BRDA:5,1,1,0
BRDA:12,2,0,0
BRDA:12,2,1,0
BRDA:15,3,0,0
BRDA:15,3,1,0
BRF:8
BRH:0
end_of_record
TN:
SF:src/core/device/devicePermission.types.ts
FNF:0
FNH:0
LF:0
LH:0
BRF:0
BRH:0
end_of_record
TN:
SF:src/core/errors/AppError.ts
FNF:0
FNH:0
LF:0
LH:0
BRF:0
BRH:0
end_of_record
TN:
SF:src/core/errors/errorMapper.ts
FN:4,mapRepositoryErrorToAppError
FN:23,mapUnknownErrorToAppError
FNF:2
FNH:0
FNDA:0,mapRepositoryErrorToAppError
FNDA:0,mapUnknownErrorToAppError
DA:8,0
DA:9,0
DA:10,0
DA:11,0
DA:15,0
DA:27,0
DA:28,0
DA:29,0
DA:36,0
DA:37,0
LF:10
LH:0
BRDA:6,0,0,0
BRDA:9,1,0,0
BRDA:9,1,1,0
BRDA:18,2,0,0
BRDA:18,2,1,0
BRDA:19,3,0,0
BRDA:19,3,1,0
BRDA:25,4,0,0
BRDA:27,5,0,0
BRDA:27,5,1,0
BRDA:27,6,0,0
BRDA:27,6,1,0
BRDA:27,6,2,0
BRDA:27,6,3,0
BRDA:30,7,0,0
BRDA:30,7,1,0
BRDA:31,8,0,0
BRDA:31,8,1,0
BRDA:32,9,0,0
BRDA:32,9,1,0
BRDA:32,9,2,0
BRDA:36,10,0,0
BRDA:36,10,1,0
BRF:23
BRH:0
end_of_record
TN:
SF:src/core/errors/index.ts
FNF:0
FNH:0
LF:0
LH:0
BRF:0
BRH:0
end_of_record
TN:
SF:src/core/errors/useErrorMessage.ts
FN:4,useErrorMessage
FN:5,(anonymous_1)
FNF:2
FNH:0
FNDA:0,useErrorMessage
FNDA:0,(anonymous_1)
DA:5,0
DA:6,0
DA:7,0
LF:3
LH:0
BRDA:6,0,0,0
BRDA:6,0,1,0
BRDA:7,1,0,0
BRDA:7,1,1,0
BRDA:7,1,2,0
BRF:5
BRH:0
end_of_record
TN:
SF:src/core/featureFlags/FeatureGate.tsx
FN:10,FeatureGate
FNF:1
FNH:0
FNDA:0,FeatureGate
DA:11,0
DA:12,0
LF:2
LH:0
BRDA:10,0,0,0
BRDA:12,1,0,0
BRDA:12,1,1,0
BRF:3
BRH:0
end_of_record
TN:
SF:src/core/featureFlags/featureFlag.types.ts
FNF:0
FNH:0
LF:0
LH:0
BRF:0
BRH:0
end_of_record
TN:
SF:src/core/featureFlags/featureFlags.ts
FN:195,useFeatureFlags
FN:196,(anonymous_1)
FN:200,(anonymous_2)
FNF:3
FNH:2
FNDA:3,useFeatureFlags
FNDA:0,(anonymous_1)
FNDA:3,(anonymous_2)
DA:3,2
DA:39,2
DA:196,3
DA:198,3
DA:200,3
LF:5
LH:5
BRF:0
BRH:0
end_of_record
TN:
SF:src/core/featureFlags/index.ts
FNF:0
FNH:0
LF:0
LH:0
BRF:0
BRH:0
end_of_record
TN:
SF:src/core/featureFlags/useFeatureFlag.ts
FN:3,useFeatureFlag
FNF:1
FNH:0
FNDA:0,useFeatureFlag
DA:4,0
DA:5,0
LF:2
LH:0
BRF:0
BRH:0
end_of_record
TN:
SF:src/core/files/documentPickerErrors.ts
FN:1,handleDocumentPickerError
FNF:1
FNH:0
FNDA:0,handleDocumentPickerError
DA:2,0
DA:3,0
DA:4,0
DA:6,0
DA:7,0
DA:9,0
DA:10,0
DA:12,0
LF:8
LH:0
BRDA:2,0,0,0
BRDA:2,0,1,0
BRDA:3,1,0,0
BRDA:3,1,1,0
BRDA:6,2,0,0
BRDA:6,2,1,0
BRDA:9,3,0,0
BRDA:9,3,1,0
BRF:8
BRH:0
end_of_record
TN:
SF:src/core/files/documentPickerService.ts
FN:6,pickDocument
FNF:1
FNH:0
FNDA:0,pickDocument
DA:7,0
DA:8,0
DA:21,0
DA:22,0
DA:25,0
DA:26,0
DA:33,0
DA:34,0
DA:35,0
DA:38,0
DA:40,0
LF:11
LH:0
BRDA:21,0,0,0
BRDA:21,0,1,0
BRDA:29,1,0,0
BRDA:29,1,1,0
BRDA:30,2,0,0
BRDA:30,2,1,0
BRDA:34,3,0,0
BRDA:34,3,1,0
BRDA:35,4,0,0
BRDA:35,4,1,0
BRF:10
BRH:0
end_of_record
TN:
SF:src/core/logging/clientLogger.ts
FN:3,write
FN:12,(anonymous_1)
FN:13,(anonymous_2)
FN:14,(anonymous_3)
FNF:4
FNH:0
FNDA:0,write
FNDA:0,(anonymous_1)
FNDA:0,(anonymous_2)
FNDA:0,(anonymous_3)
DA:4,0
DA:5,0
DA:6,0
DA:8,0
DA:11,0
DA:12,0
DA:13,0
DA:14,0
LF:8
LH:0
BRDA:4,0,0,0
BRDA:4,0,1,0
BRF:2
BRH:0
end_of_record
TN:
SF:src/core/logging/safeLog.ts
FN:5,sanitize
FN:11,(anonymous_1)
FN:20,write
FN:30,(anonymous_3)
FN:31,(anonymous_4)
FN:32,(anonymous_5)
FN:33,(anonymous_6)
FNF:7
FNH:0
FNDA:0,sanitize
FNDA:0,(anonymous_1)
FNDA:0,write
FNDA:0,(anonymous_3)
FNDA:0,(anonymous_4)
FNDA:0,(anonymous_5)
FNDA:0,(anonymous_6)
DA:3,0
DA:6,0
DA:7,0
DA:9,0
DA:10,0
DA:11,0
DA:17,0
DA:21,0
DA:22,0
DA:24,0
DA:25,0
DA:26,0
DA:29,0
DA:30,0
DA:31,0
DA:32,0
DA:33,0
LF:17
LH:0
BRDA:6,0,0,0
BRDA:6,0,1,0
BRDA:9,1,0,0
BRDA:9,1,1,0
BRDA:9,2,0,0
BRDA:9,2,1,0
BRDA:13,3,0,0
BRDA:13,3,1,0
BRDA:21,4,0,0
BRDA:21,4,1,0
BRDA:24,5,0,0
BRDA:24,5,1,0
BRDA:25,6,0,0
BRDA:25,6,1,0
BRDA:26,7,0,0
BRDA:26,7,1,0
BRF:16
BRH:0
end_of_record
TN:
SF:src/core/notifications/notification.types.ts
FNF:0
FNH:0
LF:0
LH:0
BRF:0
BRH:0
end_of_record
TN:
SF:src/core/notifications/notificationHandlers.ts
FN:4,(anonymous_0)
FN:14,registerNotificationListeners
FN:15,(anonymous_2)
FN:19,(anonymous_3)
FN:23,(anonymous_4)
FNF:5
FNH:0
FNDA:0,(anonymous_0)
FNDA:0,registerNotificationListeners
FNDA:0,(anonymous_2)
FNDA:0,(anonymous_3)
FNDA:0,(anonymous_4)
DA:3,0
DA:4,0
DA:15,0
DA:19,0
DA:23,0
DA:24,0
DA:25,0
LF:7
LH:0
BRF:0
BRH:0
end_of_record
TN:
SF:src/core/notifications/notificationPermissions.ts
FN:5,getNotificationPermissionStatus
FN:13,requestNotificationPermission
FNF:2
FNH:0
FNDA:0,getNotificationPermissionStatus
FNDA:0,requestNotificationPermission
DA:6,0
DA:7,0
DA:14,0
DA:15,0
DA:23,0
DA:31,0
LF:6
LH:0
BRDA:8,0,0,0
BRDA:8,0,1,0
BRDA:8,1,0,0
BRDA:8,1,1,0
BRDA:14,2,0,0
BRDA:14,2,1,0
BRDA:32,3,0,0
BRDA:32,3,1,0
BRDA:32,4,0,0
BRDA:32,4,1,0
BRF:10
BRH:0
end_of_record
TN:
SF:src/core/notifications/notificationPreferences.ts
FN:16,getCachedNotificationPreferences
FN:20,updateNotificationPreference
FN:21,(anonymous_2)
FNF:3
FNH:0
FNDA:0,getCachedNotificationPreferences
FNDA:0,updateNotificationPreference
FNDA:0,(anonymous_2)
DA:3,0
DA:14,0
DA:17,0
DA:21,0
DA:22,0
DA:24,0
DA:25,0
DA:27,0
DA:29,0
LF:9
LH:0
BRDA:22,0,0,0
BRDA:22,0,1,0
BRDA:24,1,0,0
BRDA:24,1,1,0
BRDA:24,2,0,0
BRDA:24,2,1,0
BRF:6
BRH:0
end_of_record
TN:
SF:src/core/notifications/notificationService.ts
FN:5,getExpoPushTokenPlaceholder
FN:17,scheduleLocalTestNotification
FNF:2
FNH:0
FNDA:0,getExpoPushTokenPlaceholder
FNDA:0,scheduleLocalTestNotification
DA:6,0
DA:7,0
DA:9,0
DA:10,0
DA:11,0
DA:13,0
DA:18,0
LF:7
LH:0
BRDA:6,0,0,0
BRDA:6,0,1,0
BRF:2
BRH:0
end_of_record
TN:
SF:src/core/notifications/useNotificationPermissions.ts
FN:5,useNotificationPermissions
FN:9,checkPermission
FN:20,askPermission
FN:34,(anonymous_3)
FNF:4
FNH:0
FNDA:0,useNotificationPermissions
FNDA:0,checkPermission
FNDA:0,askPermission
FNDA:0,(anonymous_3)
DA:6,0
DA:7,0
DA:10,0
DA:11,0
DA:12,0
DA:14,0
DA:16,0
DA:21,0
DA:22,0
DA:23,0
DA:24,0
DA:25,0
DA:27,0
DA:28,0
DA:30,0
DA:34,0
DA:35,0
DA:38,0
LF:18
LH:0
BRF:0
BRH:0
end_of_record
TN:
SF:src/core/permissions/PermissionGate.tsx
FN:12,PermissionGate
FNF:1
FNH:1
FNDA:3,PermissionGate
DA:19,3
DA:20,3
LF:2
LH:2
BRDA:16,0,0,1
BRDA:20,1,0,1
BRDA:20,1,1,2
BRF:3
BRH:3
end_of_record
TN:
SF:src/core/permissions/RouteGuard.tsx
FN:12,RouteGuard
FNF:1
FNH:1
FNDA:2,RouteGuard
DA:13,2
DA:15,2
DA:16,1
DA:24,1
LF:4
LH:4
BRDA:15,0,0,1
BRDA:15,0,1,1
BRDA:19,1,0,1
BRDA:19,1,1,0
BRF:4
BRH:3
end_of_record
TN:
SF:src/core/permissions/documentAccessRules.ts
FN:5,canViewDocument
FN:30,canDownloadDocument
FN:34,canViewAccessLogs
FNF:3
FNH:0
FNDA:0,canViewDocument
FNDA:0,canDownloadDocument
FNDA:0,canViewAccessLogs
DA:6,0
DA:7,0
DA:9,0
DA:10,0
DA:12,0
DA:13,0
DA:18,0
DA:19,0
DA:24,0
DA:25,0
DA:27,0
DA:31,0
DA:35,0
LF:13
LH:0
BRDA:6,0,0,0
BRDA:6,0,1,0
BRDA:9,1,0,0
BRDA:9,1,1,0
BRDA:9,2,0,0
BRDA:9,2,1,0
BRDA:12,3,0,0
BRDA:12,3,1,0
BRDA:14,4,0,0
BRDA:14,4,1,0
BRDA:18,5,0,0
BRDA:18,5,1,0
BRDA:20,6,0,0
BRDA:20,6,1,0
BRDA:24,7,0,0
BRDA:24,7,1,0
BRDA:24,8,0,0
BRDA:24,8,1,0
BRDA:24,8,2,0
BRDA:31,9,0,0
BRDA:31,9,1,0
BRDA:35,10,0,0
BRDA:35,10,1,0
BRF:23
BRH:0
end_of_record
TN:
SF:src/core/permissions/index.ts
FNF:0
FNH:0
LF:0
LH:0
BRF:0
BRH:0
end_of_record
TN:
SF:src/core/permissions/permission.types.ts
FNF:0
FNH:0
LF:0
LH:0
BRF:0
BRH:0
end_of_record
TN:
SF:src/core/permissions/permissionMatrix.ts
FN:100,getPermissionsForRoles
FN:101,(anonymous_1)
FN:104,hasPermission
FN:108,hasPermissions
FN:114,(anonymous_4)
FN:115,(anonymous_5)
FNF:6
FNH:4
FNDA:10,getPermissionsForRoles
FNDA:10,(anonymous_1)
FNDA:0,hasPermission
FNDA:5,hasPermissions
FNDA:0,(anonymous_4)
FNDA:5,(anonymous_5)
DA:4,3
DA:28,3
DA:43,3
DA:101,10
DA:105,0
DA:109,5
DA:110,0
DA:112,5
DA:113,5
DA:114,0
DA:115,5
LF:11
LH:8
BRDA:100,0,0,0
BRDA:101,1,0,10
BRDA:101,1,1,0
BRDA:108,2,0,5
BRDA:109,3,0,0
BRDA:109,3,1,5
BRDA:113,4,0,0
BRDA:113,4,1,5
BRF:8
BRH:4
end_of_record
TN:
SF:src/core/permissions/permissions.ts
FNF:0
FNH:0
DA:3,3
LF:1
LH:1
BRF:0
BRH:0
end_of_record
TN:
SF:src/core/permissions/residentConnectPrivacyRules.ts
FN:7,canSendContactRequest
FN:11,canOpenChat
FN:15,canViewReportedContext
FN:19,shouldShowResidentContactInfo
FNF:4
FNH:0
FNDA:0,canSendContactRequest
FNDA:0,canOpenChat
FNDA:0,canViewReportedContext
FNDA:0,shouldShowResidentContactInfo
DA:8,0
DA:12,0
DA:16,0
DA:20,0
LF:4
LH:0
BRDA:8,0,0,0
BRDA:8,0,1,0
BRF:2
BRH:0
end_of_record
TN:
SF:src/core/permissions/rolePermissionMap.ts
FN:101,getPermissionsForRoles
FN:102,(anonymous_1)
FN:105,hasPermission
FN:109,hasPermissions
FN:115,(anonymous_4)
FN:116,(anonymous_5)
FNF:6
FNH:0
FNDA:0,getPermissionsForRoles
FNDA:0,(anonymous_1)
FNDA:0,hasPermission
FNDA:0,hasPermissions
FNDA:0,(anonymous_4)
FNDA:0,(anonymous_5)
DA:4,0
DA:28,0
DA:44,0
DA:102,0
DA:106,0
DA:110,0
DA:111,0
DA:113,0
DA:114,0
DA:115,0
DA:116,0
LF:11
LH:0
BRDA:101,0,0,0
BRDA:102,1,0,0
BRDA:102,1,1,0
BRDA:109,2,0,0
BRDA:110,3,0,0
BRDA:110,3,1,0
BRDA:114,4,0,0
BRDA:114,4,1,0
BRF:8
BRH:0
end_of_record
TN:
SF:src/core/permissions/roles.ts
FNF:0
FNH:0
DA:3,0
LF:1
LH:0
BRF:0
BRH:0
end_of_record
TN:
SF:src/core/permissions/usePermission.ts
FN:13,useCurrentSecurityUser
FN:32,usePermission
FN:34,(anonymous_2)
FN:46,(anonymous_3)
FNF:4
FNH:4
FNDA:5,useCurrentSecurityUser
FNDA:5,usePermission
FNDA:5,(anonymous_2)
FNDA:5,(anonymous_3)
DA:6,3
DA:14,5
DA:20,5
DA:21,2
DA:24,3
DA:33,5
DA:34,5
DA:35,5
DA:36,5
DA:37,5
DA:39,5
DA:40,0
DA:42,5
DA:45,5
DA:46,5
DA:50,5
LF:16
LH:15
BRDA:20,0,0,2
BRDA:20,0,1,3
BRDA:32,1,0,0
BRDA:36,2,0,5
BRDA:36,2,1,0
BRDA:39,3,0,0
BRDA:39,3,1,5
BRDA:46,4,0,5
BRDA:46,4,1,0
BRF:9
BRH:5
end_of_record
TN:
SF:src/core/repositories/repository.types.ts
FN:22,repositorySuccess
FN:26,repositoryFailure
FN:30,repositoryErrorFromUnknown
FN:44,withMockDelay
FN:45,(anonymous_4)
FNF:5
FNH:0
FNDA:0,repositorySuccess
FNDA:0,repositoryFailure
FNDA:0,repositoryErrorFromUnknown
FNDA:0,withMockDelay
FNDA:0,(anonymous_4)
DA:23,0
DA:27,0
DA:31,0
DA:32,0
DA:38,0
DA:45,0
LF:6
LH:0
BRDA:31,0,0,0
BRDA:31,0,1,0
BRDA:44,1,0,0
BRF:3
BRH:0
end_of_record
TN:
SF:src/core/repositories/useRepositoryResult.ts
FN:4,useRepositoryResult
FN:17,(anonymous_1)
FN:29,(anonymous_2)
FN:32,run
FN:49,(anonymous_4)
FN:62,useRepositoryMutation
FN:74,(anonymous_6)
FN:88,(anonymous_7)
FNF:8
FNH:0
FNDA:0,useRepositoryResult
FNDA:0,(anonymous_1)
FNDA:0,(anonymous_2)
FNDA:0,run
FNDA:0,(anonymous_4)
FNDA:0,useRepositoryMutation
FNDA:0,(anonymous_6)
FNDA:0,(anonymous_7)
DA:13,0
DA:14,0
DA:15,0
DA:17,0
DA:18,0
DA:19,0
DA:20,0
DA:21,0
DA:22,0
DA:24,0
DA:26,0
DA:29,0
DA:30,0
DA:33,0
DA:34,0
DA:35,0
DA:36,0
DA:38,0
DA:39,0
DA:40,0
DA:42,0
DA:44,0
DA:47,0
DA:49,0
DA:50,0
DA:54,0
DA:70,0
DA:71,0
DA:73,0
DA:75,0
DA:76,0
DA:77,0
DA:78,0
DA:79,0
DA:81,0
DA:83,0
DA:88,0
DA:89,0
DA:90,0
DA:93,0
LF:40
LH:0
BRDA:6,0,0,0
BRDA:20,1,0,0
BRDA:20,1,1,0
BRDA:35,2,0,0
BRDA:35,2,1,0
BRDA:38,3,0,0
BRDA:38,3,1,0
BRDA:78,4,0,0
BRDA:78,4,1,0
BRF:9
BRH:0
end_of_record
TN:
SF:src/core/theme/ThemeProvider.tsx
FN:20,ThemeProvider
FN:25,(anonymous_1)
FN:52,useThemeContext
FNF:3
FNH:3
FNDA:259,ThemeProvider
FNDA:133,(anonymous_1)
FNDA:135,useThemeContext
DA:18,16
DA:21,259
DA:22,259
DA:23,259
DA:25,259
DA:26,133
DA:27,133
DA:30,259
DA:31,259
DA:33,259
DA:34,124
DA:37,135
DA:53,135
DA:54,135
DA:55,0
DA:57,135
LF:16
LH:15
BRDA:30,0,0,10
BRDA:30,0,1,249
BRDA:33,1,0,124
BRDA:33,1,1,135
BRDA:54,2,0,0
BRDA:54,2,1,135
BRF:6
BRH:5
end_of_record
TN:
SF:src/core/theme/resolveThemeMode.ts
FN:3,resolveThemeMode
FNF:1
FNH:1
FNDA:138,resolveThemeMode
DA:7,138
DA:8,137
DA:9,127
LF:3
LH:3
BRDA:7,0,0,1
BRDA:7,0,1,137
BRDA:8,1,0,10
BRDA:8,1,1,127
BRDA:9,2,0,1
BRDA:9,2,1,126
BRF:6
BRH:6
end_of_record
TN:
SF:src/core/theme/themePreference.types.ts
FNF:0
FNH:0
LF:0
LH:0
BRF:0
BRH:0
end_of_record
TN:
SF:src/core/theme/themePreferenceStore.ts
FN:8,(anonymous_0)
FN:12,(anonymous_1)
FNF:2
FNH:2
FNDA:124,(anonymous_0)
FNDA:2,(anonymous_1)
DA:3,16
DA:5,16
DA:7,16
DA:9,124
DA:13,2
LF:5
LH:5
BRF:0
BRH:0
end_of_record
TN:
SF:src/core/theme/useAppTheme.ts
FN:3,useAppTheme
FNF:1
FNH:1
FNDA:135,useAppTheme
DA:4,135
DA:5,135
LF:2
LH:2
BRF:0
BRH:0
end_of_record
TN:
SF:src/core/theme/useThemePreference.ts
FN:5,useThemePreference
FN:9,(anonymous_1)
FN:10,loadPreference
FN:21,updatePreference
FNF:4
FNH:4
FNDA:259,useThemePreference
FNDA:124,(anonymous_1)
FNDA:124,loadPreference
FNDA:2,updatePreference
DA:6,259
DA:7,259
DA:9,259
DA:11,124
DA:12,124
DA:13,124
DA:15,124
DA:18,124
DA:22,2
DA:23,2
DA:26,259
LF:11
LH:11
BRF:0
BRH:0
end_of_record
TN:
SF:src/modules/accounting/data/accounting.apiSource.ts
FN:26,(anonymous_0)
FN:48,(anonymous_1)
FN:53,(anonymous_2)
FN:58,(anonymous_3)
FN:75,(anonymous_4)
FN:80,(anonymous_5)
FN:85,(anonymous_6)
FN:98,(anonymous_7)
FN:114,(anonymous_8)
FN:129,(anonymous_9)
FNF:10
FNH:0
FNDA:0,(anonymous_0)
FNDA:0,(anonymous_1)
FNDA:0,(anonymous_2)
FNDA:0,(anonymous_3)
FNDA:0,(anonymous_4)
FNDA:0,(anonymous_5)
FNDA:0,(anonymous_6)
FNDA:0,(anonymous_7)
FNDA:0,(anonymous_8)
FNDA:0,(anonymous_9)
DA:25,0
DA:27,0
DA:29,0
DA:45,0
DA:49,0
DA:50,0
DA:54,0
DA:55,0
DA:59,0
DA:71,0
DA:72,0
DA:76,0
DA:77,0
DA:81,0
DA:82,0
DA:86,0
DA:88,0
DA:98,0
DA:111,0
DA:115,0
DA:125,0
DA:126,0
DA:130,0
DA:131,0
LF:24
LH:0
BRF:0
BRH:0
end_of_record
TN:
SF:src/modules/accounting/data/accounting.mapper.ts
FN:5,(anonymous_0)
FN:19,(anonymous_1)
FN:40,(anonymous_2)
FN:48,(anonymous_3)
FN:51,(anonymous_4)
FN:64,(anonymous_5)
FN:75,(anonymous_6)
FNF:7
FNH:6
FNDA:1,(anonymous_0)
FNDA:1,(anonymous_1)
FNDA:1,(anonymous_2)
FNDA:1,(anonymous_3)
FNDA:1,(anonymous_4)
FNDA:1,(anonymous_5)
FNDA:0,(anonymous_6)
DA:4,1
DA:5,1
DA:19,1
DA:40,1
DA:48,1
DA:51,1
DA:64,1
DA:75,0
LF:8
LH:7
BRF:0
BRH:0
end_of_record
TN:
SF:src/modules/accounting/data/accounting.mockSource.ts
FN:24,(anonymous_0)
FN:33,(anonymous_1)
FN:38,(anonymous_2)
FN:43,(anonymous_3)
FN:122,(anonymous_4)
FN:124,(anonymous_5)
FN:128,(anonymous_6)
FN:130,(anonymous_7)
FN:136,(anonymous_8)
FN:145,(anonymous_9)
FN:150,(anonymous_10)
FN:176,(anonymous_11)
FNF:12
FNH:0
FNDA:0,(anonymous_0)
FNDA:0,(anonymous_1)
FNDA:0,(anonymous_2)
FNDA:0,(anonymous_3)
FNDA:0,(anonymous_4)
FNDA:0,(anonymous_5)
FNDA:0,(anonymous_6)
FNDA:0,(anonymous_7)
FNDA:0,(anonymous_8)
FNDA:0,(anonymous_9)
FNDA:0,(anonymous_10)
FNDA:0,(anonymous_11)
DA:20,0
DA:21,0
DA:23,0
DA:25,0
DA:26,0
DA:34,0
DA:35,0
DA:39,0
DA:40,0
DA:44,0
DA:45,0
DA:46,0
DA:71,0
DA:74,0
DA:118,0
DA:119,0
DA:123,0
DA:124,0
DA:125,0
DA:129,0
DA:130,0
DA:131,0
DA:132,0
DA:134,0
DA:136,0
DA:137,0
DA:138,0
DA:140,0
DA:142,0
DA:146,0
DA:147,0
DA:151,0
DA:152,0
DA:173,0
DA:177,0
DA:178,0
LF:36
LH:0
BRDA:50,0,0,0
BRDA:50,0,1,0
BRDA:125,1,0,0
BRDA:125,1,1,0
BRDA:131,2,0,0
BRDA:131,2,1,0
BRDA:137,3,0,0
BRDA:137,3,1,0
BRF:8
BRH:0
end_of_record
TN:
SF:src/modules/accounting/data/accounting.repository.ts
FNF:0
FNH:0
DA:6,0
LF:1
LH:0
BRDA:6,0,0,0
BRDA:6,0,1,0
BRF:2
BRH:0
end_of_record
TN:
SF:src/modules/accounting/data/useBillingCycles.ts
FN:6,useBillingCycles
FN:7,(anonymous_1)
FN:13,(anonymous_2)
FNF:3
FNH:0
FNDA:0,useBillingCycles
FNDA:0,(anonymous_1)
FNDA:0,(anonymous_2)
DA:7,0
DA:9,0
DA:10,0
DA:11,0
DA:13,0
DA:14,0
DA:15,0
DA:16,0
DA:17,0
DA:18,0
DA:19,0
DA:20,0
DA:21,0
DA:23,0
DA:26,0
DA:28,0
DA:32,0
LF:17
LH:0
BRDA:19,0,0,0
BRDA:19,0,1,0
BRDA:23,1,0,0
BRDA:23,1,1,0
BRDA:26,2,0,0
BRDA:26,2,1,0
BRF:6
BRH:0
end_of_record
TN:
SF:src/modules/accounting/data/useChargeHeads.ts
FN:4,useChargeHeads
FN:5,(anonymous_1)
FNF:2
FNH:0
FNDA:0,useChargeHeads
FNDA:0,(anonymous_1)
DA:5,0
LF:1
LH:0
BRF:0
BRH:0
end_of_record
TN:
SF:src/modules/accounting/data/useDefaulterReport.ts
FN:4,useDefaulterReport
FN:5,(anonymous_1)
FNF:2
FNH:0
FNDA:0,useDefaulterReport
FNDA:0,(anonymous_1)
DA:5,0
LF:1
LH:0
BRF:0
BRH:0
end_of_record
TN:
SF:src/modules/accounting/data/useDraftBills.ts
FN:5,useDraftBills
FN:6,(anonymous_1)
FN:12,(anonymous_2)
FNF:3
FNH:0
FNDA:0,useDraftBills
FNDA:0,(anonymous_1)
FNDA:0,(anonymous_2)
DA:6,0
DA:8,0
DA:9,0
DA:10,0
DA:12,0
DA:13,0
DA:14,0
DA:15,0
DA:16,0
DA:17,0
DA:18,0
DA:19,0
DA:20,0
DA:22,0
DA:25,0
DA:27,0
DA:31,0
LF:17
LH:0
BRDA:18,0,0,0
BRDA:18,0,1,0
BRDA:22,1,0,0
BRDA:22,1,1,0
BRDA:25,2,0,0
BRDA:25,2,1,0
BRF:6
BRH:0
end_of_record
TN:
SF:src/modules/accounting/data/useFlatLedger.ts
FN:4,useFlatLedger
FN:5,(anonymous_1)
FNF:2
FNH:0
FNDA:0,useFlatLedger
FNDA:0,(anonymous_1)
DA:5,0
LF:1
LH:0
BRF:0
BRH:0
end_of_record
TN:
SF:src/modules/accounting/data/useManualPayment.ts
FN:5,useManualPayment
FN:10,(anonymous_1)
FN:28,(anonymous_2)
FNF:3
FNH:0
FNDA:0,useManualPayment
FNDA:0,(anonymous_1)
FNDA:0,(anonymous_2)
DA:6,0
DA:7,0
DA:8,0
DA:10,0
DA:11,0
DA:12,0
DA:13,0
DA:14,0
DA:15,0
DA:16,0
DA:17,0
DA:19,0
DA:22,0
DA:24,0
DA:28,0
DA:29,0
DA:30,0
DA:31,0
DA:34,0
LF:19
LH:0
BRDA:16,0,0,0
BRDA:16,0,1,0
BRDA:19,1,0,0
BRDA:19,1,1,0
BRDA:22,2,0,0
BRDA:22,2,1,0
BRF:6
BRH:0
end_of_record
TN:
SF:src/modules/accounting/data/useTreasurerDashboard.ts
FN:4,useTreasurerDashboard
FN:5,(anonymous_1)
FNF:2
FNH:0
FNDA:0,useTreasurerDashboard
FNDA:0,(anonymous_1)
DA:5,0
LF:1
LH:0
BRF:0
BRH:0
end_of_record
TN:
SF:src/modules/accounting/screens/BillingCycleListScreen.tsx
FN:19,BillingCycleListScreen
FN:37,(anonymous_1)
FN:53,(anonymous_2)
FN:73,(anonymous_3)
FN:77,(anonymous_4)
FN:110,(anonymous_5)
FN:152,(anonymous_6)
FN:171,(anonymous_7)
FN:187,(anonymous_8)
FNF:9
FNH:0
FNDA:0,BillingCycleListScreen
FNDA:0,(anonymous_1)
FNDA:0,(anonymous_2)
FNDA:0,(anonymous_3)
FNDA:0,(anonymous_4)
FNDA:0,(anonymous_5)
FNDA:0,(anonymous_6)
FNDA:0,(anonymous_7)
FNDA:0,(anonymous_8)
DA:26,0
DA:28,0
DA:29,0
DA:30,0
DA:31,0
DA:32,0
DA:35,0
DA:37,0
DA:38,0
DA:39,0
DA:40,0
DA:41,0
DA:44,0
DA:46,0
DA:54,0
DA:65,0
DA:66,0
DA:73,0
DA:74,0
DA:77,0
DA:105,0
DA:110,0
DA:152,0
DA:171,0
DA:187,0
DA:198,0
LF:26
LH:0
BRDA:21,0,0,0
BRDA:39,1,0,0
BRDA:39,1,1,0
BRDA:81,2,0,0
BRDA:81,2,1,0
BRDA:108,3,0,0
BRDA:108,3,1,0
BRDA:110,4,0,0
BRDA:110,4,1,0
BRDA:113,5,0,0
BRDA:113,5,1,0
BRDA:175,6,0,0
BRDA:175,6,1,0
BRDA:179,7,0,0
BRDA:179,7,1,0
BRDA:181,8,0,0
BRDA:181,8,1,0
BRF:17
BRH:0
end_of_record
TN:
SF:src/modules/accounting/screens/ChargeHeadListScreen.tsx
FN:16,ChargeHeadListScreen
FN:19,(anonymous_1)
FN:23,(anonymous_2)
FN:62,(anonymous_3)
FNF:4
FNH:0
FNDA:0,ChargeHeadListScreen
FNDA:0,(anonymous_1)
FNDA:0,(anonymous_2)
FNDA:0,(anonymous_3)
DA:17,0
DA:19,0
DA:20,0
DA:23,0
DA:24,0
DA:46,0
DA:62,0
DA:71,0
LF:8
LH:0
BRDA:17,0,0,0
BRDA:28,1,0,0
BRDA:28,1,1,0
BRDA:28,2,0,0
BRDA:28,2,1,0
BRDA:32,3,0,0
BRDA:32,3,1,0
BRDA:39,4,0,0
BRDA:39,4,1,0
BRDA:50,5,0,0
BRDA:50,5,1,0
BRDA:54,6,0,0
BRDA:54,6,1,0
BRDA:56,7,0,0
BRDA:56,7,1,0
BRF:15
BRH:0
end_of_record
TN:
SF:src/modules/accounting/screens/DefaulterReportScreen.tsx
FN:17,DefaulterReportScreen
FN:20,(anonymous_1)
FN:28,(anonymous_2)
FN:37,(anonymous_3)
FN:41,(anonymous_4)
FN:66,(anonymous_5)
FN:89,(anonymous_6)
FNF:7
FNH:0
FNDA:0,DefaulterReportScreen
FNDA:0,(anonymous_1)
FNDA:0,(anonymous_2)
FNDA:0,(anonymous_3)
FNDA:0,(anonymous_4)
FNDA:0,(anonymous_5)
FNDA:0,(anonymous_6)
DA:18,0
DA:20,0
DA:21,0
DA:29,0
DA:30,0
DA:37,0
DA:38,0
DA:41,0
DA:42,0
DA:66,0
DA:73,0
DA:89,0
DA:98,0
LF:13
LH:0
BRDA:18,0,0,0
BRDA:77,1,0,0
BRDA:77,1,1,0
BRDA:81,2,0,0
BRDA:81,2,1,0
BRDA:83,3,0,0
BRDA:83,3,1,0
BRF:7
BRH:0
end_of_record
TN:
SF:src/modules/accounting/screens/DraftBillReviewScreen.tsx
FN:17,DraftBillReviewScreen
FN:21,(anonymous_1)
FN:29,(anonymous_2)
FN:39,(anonymous_3)
FN:103,(anonymous_4)
FNF:5
FNH:0
FNDA:0,DraftBillReviewScreen
FNDA:0,(anonymous_1)
FNDA:0,(anonymous_2)
FNDA:0,(anonymous_3)
FNDA:0,(anonymous_4)
DA:18,0
DA:19,0
DA:21,0
DA:22,0
DA:30,0
DA:31,0
DA:32,0
DA:39,0
DA:40,0
DA:76,0
DA:103,0
DA:112,0
LF:12
LH:0
BRDA:18,0,0,0
BRDA:18,0,1,0
BRDA:19,1,0,0
BRDA:44,2,0,0
BRDA:44,2,1,0
BRDA:67,3,0,0
BRDA:67,3,1,0
BRDA:67,4,0,0
BRDA:67,4,1,0
BRDA:80,5,0,0
BRDA:80,5,1,0
BRDA:80,6,0,0
BRDA:80,6,1,0
BRDA:91,7,0,0
BRDA:91,7,1,0
BRDA:95,8,0,0
BRDA:95,8,1,0
BRDA:97,9,0,0
BRDA:97,9,1,0
BRF:19
BRH:0
end_of_record
TN:
SF:src/modules/accounting/screens/FlatLedgerScreen.tsx
FN:15,FlatLedgerScreen
FN:19,(anonymous_1)
FN:87,(anonymous_2)
FNF:3
FNH:0
FNDA:0,FlatLedgerScreen
FNDA:0,(anonymous_1)
FNDA:0,(anonymous_2)
DA:16,0
DA:17,0
DA:19,0
DA:20,0
DA:52,0
DA:87,0
DA:97,0
LF:7
LH:0
BRDA:16,0,0,0
BRDA:16,1,0,0
BRDA:16,1,1,0
BRDA:24,2,0,0
BRDA:24,2,1,0
BRDA:34,3,0,0
BRDA:34,3,1,0
BRDA:40,4,0,0
BRDA:40,4,1,0
BRDA:56,5,0,0
BRDA:56,5,1,0
BRDA:60,6,0,0
BRDA:60,6,1,0
BRDA:62,7,0,0
BRDA:62,7,1,0
BRF:15
BRH:0
end_of_record
TN:
SF:src/modules/accounting/screens/ManualPaymentEntryScreen.tsx
FN:15,ManualPaymentEntryScreen
FN:30,(anonymous_1)
FN:46,(anonymous_2)
FN:63,(anonymous_3)
FN:71,(anonymous_4)
FN:78,(anonymous_5)
FN:88,(anonymous_6)
FN:121,(anonymous_7)
FNF:8
FNH:0
FNDA:0,ManualPaymentEntryScreen
FNDA:0,(anonymous_1)
FNDA:0,(anonymous_2)
FNDA:0,(anonymous_3)
FNDA:0,(anonymous_4)
FNDA:0,(anonymous_5)
FNDA:0,(anonymous_6)
FNDA:0,(anonymous_7)
DA:16,0
DA:18,0
DA:19,0
DA:20,0
DA:21,0
DA:22,0
DA:23,0
DA:25,0
DA:28,0
DA:30,0
DA:31,0
DA:32,0
DA:33,0
DA:34,0
DA:37,0
DA:39,0
DA:47,0
DA:63,0
DA:64,0
DA:65,0
DA:72,0
DA:73,0
DA:79,0
DA:80,0
DA:88,0
DA:89,0
DA:90,0
DA:91,0
DA:95,0
DA:121,0
DA:167,0
LF:31
LH:0
BRDA:32,0,0,0
BRDA:32,0,1,0
BRDA:53,1,0,0
BRDA:53,1,1,0
BRDA:54,2,0,0
BRDA:54,2,1,0
BRDA:64,3,0,0
BRDA:64,3,1,0
BRDA:89,4,0,0
BRDA:89,4,1,0
BRDA:126,5,0,0
BRDA:126,5,1,0
BRDA:128,6,0,0
BRDA:128,6,1,0
BRDA:137,7,0,0
BRDA:137,7,1,0
BRF:16
BRH:0
end_of_record
TN:
SF:src/modules/accounting/screens/ReceiptDetailScreen.tsx
FN:16,ReceiptDetailScreen
FN:67,(anonymous_1)
FN:73,(anonymous_2)
FNF:3
FNH:0
FNDA:0,ReceiptDetailScreen
FNDA:0,(anonymous_1)
FNDA:0,(anonymous_2)
DA:17,0
DA:20,0
DA:37,0
DA:67,0
DA:73,0
DA:83,0
LF:6
LH:0
BRDA:17,0,0,0
BRDA:17,0,1,0
BRDA:22,1,0,0
BRDA:22,1,1,0
BRF:4
BRH:0
end_of_record
TN:
SF:src/modules/accounting/screens/TreasurerDashboardScreen.tsx
FN:29,TreasurerDashboardScreen
FN:88,(anonymous_1)
FN:94,(anonymous_2)
FN:138,(anonymous_3)
FN:144,(anonymous_4)
FN:150,(anonymous_5)
FN:156,(anonymous_6)
FN:162,(anonymous_7)
FN:183,(anonymous_8)
FNF:9
FNH:0
FNDA:0,TreasurerDashboardScreen
FNDA:0,(anonymous_1)
FNDA:0,(anonymous_2)
FNDA:0,(anonymous_3)
FNDA:0,(anonymous_4)
FNDA:0,(anonymous_5)
FNDA:0,(anonymous_6)
FNDA:0,(anonymous_7)
FNDA:0,(anonymous_8)
DA:30,0
DA:31,0
DA:33,0
DA:34,0
DA:41,0
DA:42,0
DA:49,0
DA:50,0
DA:51,0
DA:52,0
DA:53,0
DA:55,0
DA:88,0
DA:94,0
DA:138,0
DA:144,0
DA:150,0
DA:156,0
DA:162,0
DA:183,0
DA:193,0
LF:21
LH:0
BRDA:33,0,0,0
BRDA:33,0,1,0
BRDA:41,1,0,0
BRDA:41,1,1,0
BRDA:49,2,0,0
BRDA:49,2,1,0
BRDA:50,3,0,0
BRDA:50,3,1,0
BRDA:51,4,0,0
BRDA:51,4,1,0
BRDA:52,5,0,0
BRDA:52,5,1,0
BRDA:53,6,0,0
BRDA:53,6,1,0
BRDA:91,7,0,0
BRDA:91,7,1,0
BRDA:169,8,0,0
BRDA:169,8,1,0
BRF:18
BRH:0
end_of_record
TN:
SF:src/modules/accounting/validators/accounting.validators.ts
FN:6,validateBillingCycle
FN:24,validateManualPayment
FNF:2
FNH:2
FNDA:2,validateBillingCycle
FNDA:2,validateManualPayment
DA:12,2
DA:13,2
DA:14,2
DA:15,2
DA:16,2
DA:18,2
DA:30,2
DA:31,2
DA:32,1
DA:34,2
DA:35,1
DA:37,2
DA:38,1
DA:41,2
LF:14
LH:14
BRDA:13,0,0,1
BRDA:13,0,1,1
BRDA:14,1,0,1
BRDA:14,1,1,1
BRDA:15,2,0,1
BRDA:15,2,1,1
BRDA:16,3,0,1
BRDA:16,3,1,1
BRDA:31,4,0,1
BRDA:31,4,1,1
BRDA:34,5,0,1
BRDA:34,5,1,1
BRDA:34,6,0,2
BRDA:34,6,1,2
BRDA:37,7,0,1
BRDA:37,7,1,1
BRDA:37,8,0,2
BRDA:37,8,1,1
BRF:18
BRH:18
end_of_record
TN:
SF:src/modules/app-mode/screens/AppModeSelectorScreen.tsx
FN:15,AppModeSelectorScreen
FN:19,(anonymous_1)
FN:91,(anonymous_2)
FN:95,(anonymous_3)
FNF:4
FNH:0
FNDA:0,AppModeSelectorScreen
FNDA:0,(anonymous_1)
FNDA:0,(anonymous_2)
FNDA:0,(anonymous_3)
DA:16,0
DA:17,0
DA:19,0
DA:20,0
DA:21,0
DA:34,0
DA:77,0
DA:92,0
DA:95,0
DA:129,0
LF:10
LH:0
BRDA:48,0,0,0
BRDA:48,0,1,0
BRDA:49,1,0,0
BRDA:49,1,1,0
BRDA:56,2,0,0
BRDA:56,2,1,0
BRDA:57,3,0,0
BRDA:57,3,1,0
BRDA:64,4,0,0
BRDA:64,4,1,0
BRDA:65,5,0,0
BRDA:65,5,1,0
BRDA:72,6,0,0
BRDA:72,6,1,0
BRDA:73,7,0,0
BRDA:73,7,1,0
BRF:16
BRH:0
end_of_record
TN:
SF:src/modules/billing/data/bill.apiSource.ts
FN:10,(anonymous_0)
FN:19,(anonymous_1)
FN:28,(anonymous_2)
FNF:3
FNH:0
FNDA:0,(anonymous_0)
FNDA:0,(anonymous_1)
FNDA:0,(anonymous_2)
DA:9,0
DA:11,0
DA:12,0
DA:13,0
DA:15,0
DA:20,0
DA:21,0
DA:22,0
DA:24,0
DA:33,0
DA:34,0
DA:35,0
DA:40,0
DA:42,0
LF:14
LH:0
BRF:0
BRH:0
end_of_record
TN:
SF:src/modules/billing/data/bill.mapper.ts
FN:4,mapBillDtoToDomain
FNF:1
FNH:0
FNDA:0,mapBillDtoToDomain
DA:5,0
LF:1
LH:0
BRDA:7,0,0,0
BRDA:7,0,1,0
BRDA:8,1,0,0
BRDA:8,1,1,0
BRDA:9,2,0,0
BRDA:9,2,1,0
BRDA:10,3,0,0
BRDA:10,3,1,0
BRDA:11,4,0,0
BRDA:11,4,1,0
BRDA:12,5,0,0
BRDA:12,5,1,0
BRDA:13,6,0,0
BRDA:13,6,1,0
BRDA:14,7,0,0
BRDA:14,7,1,0
BRDA:17,8,0,0
BRDA:17,8,1,0
BRF:18
BRH:0
end_of_record
TN:
SF:src/modules/billing/data/bill.mockSource.ts
FN:8,(anonymous_0)
FN:13,(anonymous_1)
FN:15,(anonymous_2)
FN:18,(anonymous_3)
FNF:4
FNH:0
FNDA:0,(anonymous_0)
FNDA:0,(anonymous_1)
FNDA:0,(anonymous_2)
FNDA:0,(anonymous_3)
DA:7,0
DA:9,0
DA:10,0
DA:14,0
DA:15,0
DA:23,0
DA:24,0
LF:7
LH:0
BRF:0
BRH:0
end_of_record
TN:
SF:src/modules/billing/data/bill.repository.ts
FNF:0
FNH:0
DA:6,0
LF:1
LH:0
BRDA:6,0,0,0
BRDA:6,0,1,0
BRF:2
BRH:0
end_of_record
TN:
SF:src/modules/billing/data/useBillDetail.ts
FN:4,useBillDetail
FN:5,(anonymous_1)
FNF:2
FNH:0
FNDA:0,useBillDetail
FNDA:0,(anonymous_1)
DA:5,0
LF:1
LH:0
BRF:0
BRH:0
end_of_record
TN:
SF:src/modules/billing/data/useBills.ts
FN:4,useBills
FN:5,(anonymous_1)
FNF:2
FNH:0
FNDA:0,useBills
FNDA:0,(anonymous_1)
DA:5,0
LF:1
LH:0
BRF:0
BRH:0
end_of_record
TN:
SF:src/modules/billing/data/useMockPayment.ts
FN:11,useMockPayment
FN:12,(anonymous_1)
FNF:2
FNH:0
FNDA:0,useMockPayment
FNDA:0,(anonymous_1)
DA:12,0
LF:1
LH:0
BRF:0
BRH:0
end_of_record
TN:
SF:src/modules/billing/screens/BillDetailScreen.tsx
FN:26,DetailRow
FN:35,BillDetailScreen
FN:39,(anonymous_2)
FN:40,(anonymous_3)
FN:41,(anonymous_4)
FN:46,(anonymous_5)
FN:61,(anonymous_6)
FN:96,(anonymous_7)
FN:118,(anonymous_8)
FN:175,(anonymous_9)
FN:204,(anonymous_10)
FNF:11
FNH:0
FNDA:0,DetailRow
FNDA:0,BillDetailScreen
FNDA:0,(anonymous_2)
FNDA:0,(anonymous_3)
FNDA:0,(anonymous_4)
FNDA:0,(anonymous_5)
FNDA:0,(anonymous_6)
FNDA:0,(anonymous_7)
FNDA:0,(anonymous_8)
FNDA:0,(anonymous_9)
FNDA:0,(anonymous_10)
DA:27,0
DA:36,0
DA:37,0
DA:39,0
DA:40,0
DA:41,0
DA:44,0
DA:45,0
DA:46,0
DA:47,0
DA:48,0
DA:49,0
DA:50,0
DA:53,0
DA:61,0
DA:62,0
DA:63,0
DA:64,0
DA:67,0
DA:75,0
DA:76,0
DA:77,0
DA:78,0
DA:81,0
DA:89,0
DA:90,0
DA:96,0
DA:112,0
DA:118,0
DA:176,0
DA:205,0
DA:258,0
LF:32
LH:0
BRDA:26,0,0,0
BRDA:30,1,0,0
BRDA:30,1,1,0
BRDA:44,2,0,0
BRDA:44,2,1,0
BRDA:45,3,0,0
BRDA:45,3,1,0
BRDA:47,4,0,0
BRDA:47,4,1,0
BRDA:63,5,0,0
BRDA:63,5,1,0
BRDA:75,6,0,0
BRDA:75,6,1,0
BRDA:89,7,0,0
BRDA:89,7,1,0
BRDA:129,8,0,0
BRDA:129,8,1,0
BRDA:150,9,0,0
BRDA:150,9,1,0
BRDA:160,10,0,0
BRDA:160,10,1,0
BRDA:181,11,0,0
BRDA:181,11,1,0
BRDA:200,12,0,0
BRDA:200,12,1,0
BRDA:200,13,0,0
BRDA:200,13,1,0
BRDA:205,14,0,0
BRDA:205,14,1,0
BRDA:221,15,0,0
BRDA:221,15,1,0
BRDA:232,16,0,0
BRDA:232,16,1,0
BRDA:240,17,0,0
BRDA:240,17,1,0
BRDA:240,18,0,0
BRDA:240,18,1,0
BRDA:240,18,2,0
BRF:38
BRH:0
end_of_record
TN:
SF:src/modules/billing/screens/BillListScreen.tsx
FN:21,BillListScreen
FN:26,(anonymous_1)
FN:28,(anonymous_2)
FN:34,(anonymous_3)
FN:35,(anonymous_4)
FN:44,(anonymous_5)
FN:46,(anonymous_6)
FN:50,(anonymous_7)
FN:57,(anonymous_8)
FN:132,(anonymous_9)
FNF:10
FNH:0
FNDA:0,BillListScreen
FNDA:0,(anonymous_1)
FNDA:0,(anonymous_2)
FNDA:0,(anonymous_3)
FNDA:0,(anonymous_4)
FNDA:0,(anonymous_5)
FNDA:0,(anonymous_6)
FNDA:0,(anonymous_7)
FNDA:0,(anonymous_8)
FNDA:0,(anonymous_9)
DA:22,0
DA:23,0
DA:24,0
DA:26,0
DA:27,0
DA:28,0
DA:29,0
DA:34,0
DA:35,0
DA:36,0
DA:37,0
DA:38,0
DA:40,0
DA:44,0
DA:45,0
DA:46,0
DA:50,0
DA:51,0
DA:52,0
DA:54,0
DA:57,0
DA:93,0
DA:94,0
DA:112,0
DA:113,0
DA:122,0
DA:132,0
DA:171,0
LF:28
LH:0
BRDA:24,0,0,0
BRDA:24,0,1,0
BRDA:36,1,0,0
BRDA:36,1,1,0
BRDA:36,2,0,0
BRDA:36,2,1,0
BRDA:36,2,2,0
BRDA:37,3,0,0
BRDA:37,3,1,0
BRDA:46,4,0,0
BRDA:46,4,1,0
BRDA:46,4,2,0
BRDA:51,5,0,0
BRDA:51,5,1,0
BRDA:51,5,2,0
BRDA:52,6,0,0
BRDA:52,6,1,0
BRDA:73,7,0,0
BRDA:73,7,1,0
BRDA:80,8,0,0
BRDA:80,8,1,0
BRDA:93,9,0,0
BRDA:93,9,1,0
BRDA:112,10,0,0
BRDA:112,10,1,0
BRF:25
BRH:0
end_of_record
TN:
SF:src/modules/billing/screens/MockPaymentConfirmationScreen.tsx
FN:54,MockPaymentConfirmationScreen
FN:64,(anonymous_1)
FN:92,(anonymous_2)
FN:127,(anonymous_3)
FN:133,(anonymous_4)
FNF:5
FNH:0
FNDA:0,MockPaymentConfirmationScreen
FNDA:0,(anonymous_1)
FNDA:0,(anonymous_2)
FNDA:0,(anonymous_3)
FNDA:0,(anonymous_4)
DA:27,0
DA:58,0
DA:59,0
DA:60,0
DA:62,0
DA:64,0
DA:65,0
DA:67,0
DA:73,0
DA:74,0
DA:77,0
DA:86,0
DA:92,0
DA:128,0
DA:129,0
DA:133,0
DA:185,0
LF:17
LH:0
BRDA:62,0,0,0
BRDA:62,0,1,0
BRDA:65,1,0,0
BRDA:65,1,1,0
BRDA:73,2,0,0
BRDA:73,2,1,0
BRDA:102,3,0,0
BRDA:102,3,1,0
BRDA:132,4,0,0
BRDA:132,4,1,0
BRDA:139,5,0,0
BRDA:139,5,1,0
BRDA:143,6,0,0
BRDA:143,6,1,0
BRDA:149,7,0,0
BRDA:149,7,1,0
BRDA:173,8,0,0
BRDA:173,8,1,0
BRF:18
BRH:0
end_of_record
TN:
SF:src/modules/billing/screens/PaymentSuccessScreen.tsx
FN:17,PaymentSuccessScreen
FN:22,(anonymous_1)
FNF:2
FNH:0
FNDA:0,PaymentSuccessScreen
FNDA:0,(anonymous_1)
DA:18,0
DA:20,0
DA:22,0
DA:24,0
DA:27,0
DA:114,0
LF:6
LH:0
BRDA:20,0,0,0
BRDA:20,0,1,0
BRF:2
BRH:0
end_of_record
TN:
SF:src/modules/community/components/CommunityComponents.tsx
FN:20,MarketplaceListingCard
FN:62,SkillProfileCard
FN:78,(anonymous_2)
FN:106,BorrowableItemCard
FN:145,LostFoundCard
FN:176,CommunityPrivacyNotice
FN:191,CommunitySafetyNotice
FNF:7
FNH:0
FNDA:0,MarketplaceListingCard
FNDA:0,SkillProfileCard
FNDA:0,(anonymous_2)
FNDA:0,BorrowableItemCard
FNDA:0,LostFoundCard
FNDA:0,CommunityPrivacyNotice
FNDA:0,CommunitySafetyNotice
DA:21,0
DA:23,0
DA:63,0
DA:79,0
DA:107,0
DA:146,0
DA:148,0
DA:177,0
DA:192,0
DA:205,0
LF:10
LH:0
BRDA:26,0,0,0
BRDA:26,0,1,0
BRDA:34,1,0,0
BRDA:34,1,1,0
BRDA:44,2,0,0
BRDA:44,2,1,0
BRDA:83,3,0,0
BRDA:83,3,1,0
BRDA:112,4,0,0
BRDA:112,4,1,0
BRDA:112,5,0,0
BRDA:112,5,1,0
BRDA:128,6,0,0
BRDA:128,6,1,0
BRDA:151,7,0,0
BRDA:151,7,1,0
BRDA:152,8,0,0
BRDA:152,8,1,0
BRF:18
BRH:0
end_of_record
TN:
SF:src/modules/community/data/community.apiSource.ts
FN:20,(anonymous_0)
FN:25,(anonymous_1)
FN:29,(anonymous_2)
FN:38,(anonymous_3)
FN:42,(anonymous_4)
FN:46,(anonymous_5)
FN:53,(anonymous_6)
FN:60,(anonymous_7)
FN:67,(anonymous_8)
FN:71,(anonymous_9)
FN:80,(anonymous_10)
FN:84,(anonymous_11)
FN:91,(anonymous_12)
FN:98,(anonymous_13)
FN:102,(anonymous_14)
FN:108,(anonymous_15)
FN:115,(anonymous_16)
FN:122,(anonymous_17)
FN:131,(anonymous_18)
FN:135,(anonymous_19)
FN:139,(anonymous_20)
FN:146,(anonymous_21)
FN:152,(anonymous_22)
FN:156,(anonymous_23)
FN:163,(anonymous_24)
FN:170,(anonymous_25)
FN:176,(anonymous_26)
FN:185,(anonymous_27)
FN:189,(anonymous_28)
FN:196,(anonymous_29)
FN:203,(anonymous_30)
FN:207,(anonymous_31)
FN:214,(anonymous_32)
FN:218,(anonymous_33)
FN:222,(anonymous_34)
FNF:35
FNH:0
FNDA:0,(anonymous_0)
FNDA:0,(anonymous_1)
FNDA:0,(anonymous_2)
FNDA:0,(anonymous_3)
FNDA:0,(anonymous_4)
FNDA:0,(anonymous_5)
FNDA:0,(anonymous_6)
FNDA:0,(anonymous_7)
FNDA:0,(anonymous_8)
FNDA:0,(anonymous_9)
FNDA:0,(anonymous_10)
FNDA:0,(anonymous_11)
FNDA:0,(anonymous_12)
FNDA:0,(anonymous_13)
FNDA:0,(anonymous_14)
FNDA:0,(anonymous_15)
FNDA:0,(anonymous_16)
FNDA:0,(anonymous_17)
FNDA:0,(anonymous_18)
FNDA:0,(anonymous_19)
FNDA:0,(anonymous_20)
FNDA:0,(anonymous_21)
FNDA:0,(anonymous_22)
FNDA:0,(anonymous_23)
FNDA:0,(anonymous_24)
FNDA:0,(anonymous_25)
FNDA:0,(anonymous_26)
FNDA:0,(anonymous_27)
FNDA:0,(anonymous_28)
FNDA:0,(anonymous_29)
FNDA:0,(anonymous_30)
FNDA:0,(anonymous_31)
FNDA:0,(anonymous_32)
FNDA:0,(anonymous_33)
FNDA:0,(anonymous_34)
DA:20,0
DA:21,0
DA:26,0
DA:30,0
DA:31,0
DA:32,0
DA:33,0
DA:34,0
DA:35,0
DA:39,0
DA:43,0
DA:47,0
DA:54,0
DA:61,0
DA:68,0
DA:72,0
DA:73,0
DA:74,0
DA:75,0
DA:76,0
DA:77,0
DA:81,0
DA:85,0
DA:92,0
DA:99,0
DA:103,0
DA:104,0
DA:105,0
DA:109,0
DA:116,0
DA:123,0
DA:124,0
DA:125,0
DA:126,0
DA:127,0
DA:128,0
DA:132,0
DA:136,0
DA:140,0
DA:147,0
DA:148,0
DA:149,0
DA:153,0
DA:157,0
DA:164,0
DA:171,0
DA:177,0
DA:178,0
DA:179,0
DA:180,0
DA:181,0
DA:182,0
DA:186,0
DA:190,0
DA:197,0
DA:204,0
DA:208,0
DA:215,0
DA:219,0
DA:223,0
LF:60
LH:0
BRDA:32,0,0,0
BRDA:32,0,1,0
BRDA:33,1,0,0
BRDA:33,1,1,0
BRDA:34,2,0,0
BRDA:34,2,1,0
BRDA:74,3,0,0
BRDA:74,3,1,0
BRDA:75,4,0,0
BRDA:75,4,1,0
BRDA:76,5,0,0
BRDA:76,5,1,0
BRDA:104,6,0,0
BRDA:104,6,1,0
BRDA:125,7,0,0
BRDA:125,7,1,0
BRDA:126,8,0,0
BRDA:126,8,1,0
BRDA:127,9,0,0
BRDA:127,9,1,0
BRDA:148,10,0,0
BRDA:148,10,1,0
BRDA:179,11,0,0
BRDA:179,11,1,0
BRDA:180,12,0,0
BRDA:180,12,1,0
BRDA:181,13,0,0
BRDA:181,13,1,0
BRF:28
BRH:0
end_of_record
TN:
SF:src/modules/community/data/community.mapper.ts
FN:8,(anonymous_0)
FN:30,(anonymous_1)
FN:50,(anonymous_2)
FN:66,(anonymous_3)
FN:84,(anonymous_4)
FN:109,(anonymous_5)
FN:132,(anonymous_6)
FNF:7
FNH:0
FNDA:0,(anonymous_0)
FNDA:0,(anonymous_1)
FNDA:0,(anonymous_2)
FNDA:0,(anonymous_3)
FNDA:0,(anonymous_4)
FNDA:0,(anonymous_5)
FNDA:0,(anonymous_6)
DA:9,0
DA:31,0
DA:51,0
DA:67,0
DA:85,0
DA:110,0
DA:133,0
LF:7
LH:0
BRDA:22,0,0,0
BRDA:22,0,1,0
BRDA:24,1,0,0
BRDA:24,1,1,0
BRDA:38,2,0,0
BRDA:38,2,1,0
BRDA:42,3,0,0
BRDA:42,3,1,0
BRDA:43,4,0,0
BRDA:43,4,1,0
BRDA:44,5,0,0
BRDA:44,5,1,0
BRDA:145,6,0,0
BRDA:145,6,1,0
BRF:14
BRH:0
end_of_record
TN:
SF:src/modules/community/data/community.mockSource.ts
FN:47,(anonymous_0)
FN:48,(anonymous_1)
FN:49,(anonymous_2)
FN:50,(anonymous_3)
FN:51,(anonymous_4)
FN:63,(anonymous_5)
FN:64,(anonymous_6)
FN:66,(anonymous_7)
FN:70,(anonymous_8)
FN:75,(anonymous_9)
FN:76,(anonymous_10)
FN:79,(anonymous_11)
FN:80,(anonymous_12)
FN:88,(anonymous_13)
FN:115,(anonymous_14)
FN:116,(anonymous_15)
FN:132,(anonymous_16)
FN:133,(anonymous_17)
FN:150,(anonymous_18)
FN:151,(anonymous_19)
FN:152,(anonymous_20)
FN:158,(anonymous_21)
FN:159,(anonymous_22)
FN:161,(anonymous_23)
FN:166,(anonymous_24)
FN:169,(anonymous_25)
FN:175,(anonymous_26)
FN:176,(anonymous_27)
FN:180,(anonymous_28)
FN:181,(anonymous_29)
FN:217,(anonymous_30)
FN:218,(anonymous_31)
FN:225,(anonymous_32)
FN:226,(anonymous_33)
FN:227,(anonymous_34)
FN:232,(anonymous_35)
FN:233,(anonymous_36)
FN:235,(anonymous_37)
FN:240,(anonymous_38)
FN:259,(anonymous_39)
FN:285,(anonymous_40)
FN:286,(anonymous_41)
FN:288,(anonymous_42)
FN:292,(anonymous_43)
FN:297,(anonymous_44)
FN:298,(anonymous_45)
FN:301,(anonymous_46)
FN:302,(anonymous_47)
FN:306,(anonymous_48)
FN:327,(anonymous_49)
FN:330,(anonymous_50)
FN:332,(anonymous_51)
FN:335,(anonymous_52)
FN:336,(anonymous_53)
FN:340,(anonymous_54)
FN:341,(anonymous_55)
FN:367,(anonymous_56)
FN:368,(anonymous_57)
FN:381,(anonymous_58)
FN:391,(anonymous_59)
FN:392,(anonymous_60)
FN:401,(anonymous_61)
FN:411,(anonymous_62)
FN:414,(anonymous_63)
FN:417,(anonymous_64)
FN:422,(anonymous_65)
FN:423,(anonymous_66)
FN:427,(anonymous_67)
FN:448,(anonymous_68)
FN:449,(anonymous_69)
FN:465,(anonymous_70)
FN:466,(anonymous_71)
FN:469,(anonymous_72)
FN:470,(anonymous_73)
FN:486,(anonymous_74)
FN:500,(anonymous_75)
FN:504,(anonymous_76)
FN:508,(anonymous_77)
FNF:78
FNH:0
FNDA:0,(anonymous_0)
FNDA:0,(anonymous_1)
FNDA:0,(anonymous_2)
FNDA:0,(anonymous_3)
FNDA:0,(anonymous_4)
FNDA:0,(anonymous_5)
FNDA:0,(anonymous_6)
FNDA:0,(anonymous_7)
FNDA:0,(anonymous_8)
FNDA:0,(anonymous_9)
FNDA:0,(anonymous_10)
FNDA:0,(anonymous_11)
FNDA:0,(anonymous_12)
FNDA:0,(anonymous_13)
FNDA:0,(anonymous_14)
FNDA:0,(anonymous_15)
FNDA:0,(anonymous_16)
FNDA:0,(anonymous_17)
FNDA:0,(anonymous_18)
FNDA:0,(anonymous_19)
FNDA:0,(anonymous_20)
FNDA:0,(anonymous_21)
FNDA:0,(anonymous_22)
FNDA:0,(anonymous_23)
FNDA:0,(anonymous_24)
FNDA:0,(anonymous_25)
FNDA:0,(anonymous_26)
FNDA:0,(anonymous_27)
FNDA:0,(anonymous_28)
FNDA:0,(anonymous_29)
FNDA:0,(anonymous_30)
FNDA:0,(anonymous_31)
FNDA:0,(anonymous_32)
FNDA:0,(anonymous_33)
FNDA:0,(anonymous_34)
FNDA:0,(anonymous_35)
FNDA:0,(anonymous_36)
FNDA:0,(anonymous_37)
FNDA:0,(anonymous_38)
FNDA:0,(anonymous_39)
FNDA:0,(anonymous_40)
FNDA:0,(anonymous_41)
FNDA:0,(anonymous_42)
FNDA:0,(anonymous_43)
FNDA:0,(anonymous_44)
FNDA:0,(anonymous_45)
FNDA:0,(anonymous_46)
FNDA:0,(anonymous_47)
FNDA:0,(anonymous_48)
FNDA:0,(anonymous_49)
FNDA:0,(anonymous_50)
FNDA:0,(anonymous_51)
FNDA:0,(anonymous_52)
FNDA:0,(anonymous_53)
FNDA:0,(anonymous_54)
FNDA:0,(anonymous_55)
FNDA:0,(anonymous_56)
FNDA:0,(anonymous_57)
FNDA:0,(anonymous_58)
FNDA:0,(anonymous_59)
FNDA:0,(anonymous_60)
FNDA:0,(anonymous_61)
FNDA:0,(anonymous_62)
FNDA:0,(anonymous_63)
FNDA:0,(anonymous_64)
FNDA:0,(anonymous_65)
FNDA:0,(anonymous_66)
FNDA:0,(anonymous_67)
FNDA:0,(anonymous_68)
FNDA:0,(anonymous_69)
FNDA:0,(anonymous_70)
FNDA:0,(anonymous_71)
FNDA:0,(anonymous_72)
FNDA:0,(anonymous_73)
FNDA:0,(anonymous_74)
FNDA:0,(anonymous_75)
FNDA:0,(anonymous_76)
FNDA:0,(anonymous_77)
DA:29,0
DA:30,0
DA:31,0
DA:32,0
DA:33,0
DA:34,0
DA:35,0
DA:36,0
DA:37,0
DA:48,0
DA:49,0
DA:50,0
DA:51,0
DA:53,0
DA:64,0
DA:65,0
DA:66,0
DA:68,0
DA:69,0
DA:70,0
DA:72,0
DA:76,0
DA:80,0
DA:81,0
DA:82,0
DA:83,0
DA:85,0
DA:89,0
DA:107,0
DA:110,0
DA:112,0
DA:116,0
DA:117,0
DA:119,0
DA:125,0
DA:127,0
DA:129,0
DA:133,0
DA:134,0
DA:136,0
DA:137,0
DA:138,0
DA:139,0
DA:140,0
DA:142,0
DA:145,0
DA:147,0
DA:151,0
DA:152,0
DA:153,0
DA:159,0
DA:160,0
DA:161,0
DA:163,0
DA:164,0
DA:165,0
DA:167,0
DA:169,0
DA:172,0
DA:176,0
DA:177,0
DA:181,0
DA:182,0
DA:184,0
DA:189,0
DA:190,0
DA:191,0
DA:194,0
DA:212,0
DA:213,0
DA:214,0
DA:218,0
DA:219,0
DA:220,0
DA:221,0
DA:222,0
DA:226,0
DA:227,0
DA:228,0
DA:233,0
DA:234,0
DA:235,0
DA:237,0
DA:241,0
DA:254,0
DA:255,0
DA:256,0
DA:260,0
DA:276,0
DA:279,0
DA:281,0
DA:286,0
DA:287,0
DA:288,0
DA:290,0
DA:291,0
DA:292,0
DA:294,0
DA:298,0
DA:302,0
DA:303,0
DA:307,0
DA:322,0
DA:323,0
DA:324,0
DA:328,0
DA:329,0
DA:330,0
DA:332,0
DA:336,0
DA:337,0
DA:341,0
DA:342,0
DA:344,0
DA:362,0
DA:363,0
DA:364,0
DA:368,0
DA:369,0
DA:371,0
DA:372,0
DA:373,0
DA:374,0
DA:376,0
DA:377,0
DA:378,0
DA:381,0
DA:382,0
DA:383,0
DA:387,0
DA:388,0
DA:392,0
DA:393,0
DA:395,0
DA:396,0
DA:397,0
DA:398,0
DA:401,0
DA:402,0
DA:403,0
DA:406,0
DA:407,0
DA:412,0
DA:413,0
DA:414,0
DA:416,0
DA:417,0
DA:419,0
DA:423,0
DA:424,0
DA:428,0
DA:443,0
DA:444,0
DA:445,0
DA:449,0
DA:450,0
DA:452,0
DA:453,0
DA:454,0
DA:455,0
DA:456,0
DA:457,0
DA:458,0
DA:460,0
DA:461,0
DA:466,0
DA:470,0
DA:471,0
DA:473,0
DA:474,0
DA:475,0
DA:476,0
DA:478,0
DA:481,0
DA:482,0
DA:487,0
DA:497,0
DA:501,0
DA:505,0
DA:509,0
DA:513,0
DA:514,0
LF:182
LH:0
BRDA:51,0,0,0
BRDA:51,0,1,0
BRDA:64,1,0,0
BRDA:64,1,1,0
BRDA:65,2,0,0
BRDA:65,2,1,0
BRDA:68,3,0,0
BRDA:68,3,1,0
BRDA:70,4,0,0
BRDA:70,4,1,0
BRDA:81,5,0,0
BRDA:81,5,1,0
BRDA:93,6,0,0
BRDA:93,6,1,0
BRDA:101,7,0,0
BRDA:101,7,1,0
BRDA:117,8,0,0
BRDA:117,8,1,0
BRDA:134,9,0,0
BRDA:134,9,1,0
BRDA:139,10,0,0
BRDA:139,10,1,0
BRDA:152,11,0,0
BRDA:152,11,1,0
BRDA:160,12,0,0
BRDA:160,12,1,0
BRDA:163,13,0,0
BRDA:163,13,1,0
BRDA:167,14,0,0
BRDA:167,14,1,0
BRDA:167,14,2,0
BRDA:177,15,0,0
BRDA:177,15,1,0
BRDA:182,16,0,0
BRDA:182,16,1,0
BRDA:219,17,0,0
BRDA:219,17,1,0
BRDA:227,18,0,0
BRDA:227,18,1,0
BRDA:234,19,0,0
BRDA:234,19,1,0
BRDA:272,20,0,0
BRDA:272,20,1,0
BRDA:286,21,0,0
BRDA:286,21,1,0
BRDA:287,22,0,0
BRDA:287,22,1,0
BRDA:290,23,0,0
BRDA:290,23,1,0
BRDA:292,24,0,0
BRDA:292,24,1,0
BRDA:303,25,0,0
BRDA:303,25,1,0
BRDA:328,26,0,0
BRDA:328,26,1,0
BRDA:329,27,0,0
BRDA:329,27,1,0
BRDA:337,28,0,0
BRDA:337,28,1,0
BRDA:342,29,0,0
BRDA:342,29,1,0
BRDA:369,30,0,0
BRDA:369,30,1,0
BRDA:372,31,0,0
BRDA:372,31,1,0
BRDA:376,32,0,0
BRDA:376,32,1,0
BRDA:382,33,0,0
BRDA:382,33,1,0
BRDA:393,34,0,0
BRDA:393,34,1,0
BRDA:402,35,0,0
BRDA:402,35,1,0
BRDA:413,36,0,0
BRDA:413,36,1,0
BRDA:416,37,0,0
BRDA:416,37,1,0
BRDA:424,38,0,0
BRDA:424,38,1,0
BRDA:450,39,0,0
BRDA:450,39,1,0
BRDA:466,40,0,0
BRDA:466,40,1,0
BRDA:471,41,0,0
BRDA:471,41,1,0
BRDA:474,42,0,0
BRDA:474,42,1,0
BRF:87
BRH:0
end_of_record
TN:
SF:src/modules/community/data/community.repository.ts
FN:24,(anonymous_0)
FN:29,(anonymous_1)
FN:33,(anonymous_2)
FN:37,(anonymous_3)
FN:41,(anonymous_4)
FN:47,(anonymous_5)
FN:53,(anonymous_6)
FN:59,(anonymous_7)
FN:64,(anonymous_8)
FN:70,(anonymous_9)
FN:74,(anonymous_10)
FN:80,(anonymous_11)
FN:86,(anonymous_12)
FN:90,(anonymous_13)
FN:94,(anonymous_14)
FN:100,(anonymous_15)
FN:107,(anonymous_16)
FN:113,(anonymous_17)
FN:117,(anonymous_18)
FN:121,(anonymous_19)
FN:127,(anonymous_20)
FN:133,(anonymous_21)
FN:137,(anonymous_22)
FN:143,(anonymous_23)
FN:149,(anonymous_24)
FN:156,(anonymous_25)
FN:162,(anonymous_26)
FN:166,(anonymous_27)
FN:172,(anonymous_28)
FN:179,(anonymous_29)
FN:183,(anonymous_30)
FN:189,(anonymous_31)
FN:193,(anonymous_32)
FN:197,(anonymous_33)
FNF:34
FNH:0
FNDA:0,(anonymous_0)
FNDA:0,(anonymous_1)
FNDA:0,(anonymous_2)
FNDA:0,(anonymous_3)
FNDA:0,(anonymous_4)
FNDA:0,(anonymous_5)
FNDA:0,(anonymous_6)
FNDA:0,(anonymous_7)
FNDA:0,(anonymous_8)
FNDA:0,(anonymous_9)
FNDA:0,(anonymous_10)
FNDA:0,(anonymous_11)
FNDA:0,(anonymous_12)
FNDA:0,(anonymous_13)
FNDA:0,(anonymous_14)
FNDA:0,(anonymous_15)
FNDA:0,(anonymous_16)
FNDA:0,(anonymous_17)
FNDA:0,(anonymous_18)
FNDA:0,(anonymous_19)
FNDA:0,(anonymous_20)
FNDA:0,(anonymous_21)
FNDA:0,(anonymous_22)
FNDA:0,(anonymous_23)
FNDA:0,(anonymous_24)
FNDA:0,(anonymous_25)
FNDA:0,(anonymous_26)
FNDA:0,(anonymous_27)
FNDA:0,(anonymous_28)
FNDA:0,(anonymous_29)
FNDA:0,(anonymous_30)
FNDA:0,(anonymous_31)
FNDA:0,(anonymous_32)
FNDA:0,(anonymous_33)
DA:21,0
DA:25,0
DA:30,0
DA:34,0
DA:38,0
DA:42,0
DA:48,0
DA:54,0
DA:60,0
DA:65,0
DA:71,0
DA:75,0
DA:81,0
DA:87,0
DA:91,0
DA:95,0
DA:101,0
DA:108,0
DA:114,0
DA:118,0
DA:122,0
DA:128,0
DA:134,0
DA:138,0
DA:144,0
DA:150,0
DA:157,0
DA:163,0
DA:167,0
DA:173,0
DA:180,0
DA:184,0
DA:190,0
DA:194,0
DA:198,0
LF:35
LH:0
BRDA:25,0,0,0
BRDA:25,0,1,0
BRDA:30,1,0,0
BRDA:30,1,1,0
BRDA:34,2,0,0
BRDA:34,2,1,0
BRDA:38,3,0,0
BRDA:38,3,1,0
BRDA:42,4,0,0
BRDA:42,4,1,0
BRDA:48,5,0,0
BRDA:48,5,1,0
BRDA:54,6,0,0
BRDA:54,6,1,0
BRDA:60,7,0,0
BRDA:60,7,1,0
BRDA:65,8,0,0
BRDA:65,8,1,0
BRDA:71,9,0,0
BRDA:71,9,1,0
BRDA:75,10,0,0
BRDA:75,10,1,0
BRDA:81,11,0,0
BRDA:81,11,1,0
BRDA:87,12,0,0
BRDA:87,12,1,0
BRDA:91,13,0,0
BRDA:91,13,1,0
BRDA:95,14,0,0
BRDA:95,14,1,0
BRDA:101,15,0,0
BRDA:101,15,1,0
BRDA:108,16,0,0
BRDA:108,16,1,0
BRDA:114,17,0,0
BRDA:114,17,1,0
BRDA:118,18,0,0
BRDA:118,18,1,0
BRDA:122,19,0,0
BRDA:122,19,1,0
BRDA:128,20,0,0
BRDA:128,20,1,0
BRDA:134,21,0,0
BRDA:134,21,1,0
BRDA:138,22,0,0
BRDA:138,22,1,0
BRDA:144,23,0,0
BRDA:144,23,1,0
BRDA:150,24,0,0
BRDA:150,24,1,0
BRDA:157,25,0,0
BRDA:157,25,1,0
BRDA:163,26,0,0
BRDA:163,26,1,0
BRDA:167,27,0,0
BRDA:167,27,1,0
BRDA:173,28,0,0
BRDA:173,28,1,0
BRDA:180,29,0,0
BRDA:180,29,1,0
BRDA:184,30,0,0
BRDA:184,30,1,0
BRDA:190,31,0,0
BRDA:190,31,1,0
BRDA:194,32,0,0
BRDA:194,32,1,0
BRDA:198,33,0,0
BRDA:198,33,1,0
BRF:68
BRH:0
end_of_record
TN:
SF:src/modules/community/data/communityHooks.ts
FN:25,useCommunityDashboard
FN:26,(anonymous_1)
FN:33,useMarketplaceListings
FN:34,(anonymous_3)
FN:40,useMyMarketplaceListings
FN:41,(anonymous_5)
FN:47,useMarketplaceListingDetail
FN:48,(anonymous_7)
FN:54,useCreateMarketplaceListing
FN:56,(anonymous_9)
FN:67,useUpdateMarketplaceListing
FN:69,(anonymous_11)
FN:80,useReportMarketplaceListing
FN:82,(anonymous_13)
FN:93,useMarketplaceCategories
FN:94,(anonymous_15)
FN:101,useResidentSkillDirectory
FN:102,(anonymous_17)
FN:108,useSkillProfileDetail
FN:109,(anonymous_19)
FN:115,useCreateSkillProfile
FN:117,(anonymous_21)
FN:128,useUpdateSkillProfile
FN:130,(anonymous_23)
FN:141,useResidentServices
FN:142,(anonymous_25)
FN:148,useResidentServiceRequests
FN:149,(anonymous_27)
FN:155,useCreateServiceRequest
FN:157,(anonymous_29)
FN:168,useCreateCommunityContactRequest
FN:170,(anonymous_31)
FN:182,useBorrowableItems
FN:183,(anonymous_33)
FN:189,useMyBorrowableItems
FN:190,(anonymous_35)
FN:196,useBorrowableItemDetail
FN:197,(anonymous_37)
FN:203,useCreateBorrowableItem
FN:205,(anonymous_39)
FN:216,useBorrowRequests
FN:217,(anonymous_41)
FN:223,useBorrowRequestDetail
FN:224,(anonymous_43)
FN:230,useCreateBorrowRequest
FN:232,(anonymous_45)
FN:243,useDecideBorrowRequest
FN:245,(anonymous_47)
FN:256,useConfirmReturn
FN:258,(anonymous_49)
[...]
BRDA:21,3,0,0
BRDA:21,3,1,0
BRDA:23,4,0,0
BRDA:23,4,1,0
BRDA:30,5,0,0
BRDA:30,5,1,0
BRDA:40,6,0,0
BRDA:40,6,1,0
BRF:11
BRH:0
end_of_record
TN:
SF:src/shared/layouts/ResponsivePageHeader.tsx
FN:18,ResponsivePageHeader
FNF:1
FNH:0
FNDA:0,ResponsivePageHeader
DA:25,0
DA:26,0
DA:28,0
DA:66,0
LF:4
LH:0
BRDA:29,0,0,0
BRDA:29,0,1,0
BRDA:31,1,0,0
BRDA:31,1,1,0
BRDA:44,2,0,0
BRDA:44,2,1,0
BRDA:47,3,0,0
BRDA:47,3,1,0
BRDA:53,4,0,0
BRDA:53,4,1,0
BRDA:54,5,0,0
BRDA:54,5,1,0
BRDA:61,6,0,0
BRDA:61,6,1,0
BRF:14
BRH:0
end_of_record
TN:
SF:src/shared/layouts/ScreenContainer.tsx
FN:14,ScreenContainer
FNF:1
FNH:0
FNDA:0,ScreenContainer
DA:20,0
DA:29,0
LF:2
LH:0
BRDA:18,0,0,0
BRF:1
BRH:0
end_of_record
TN:
SF:src/shared/layouts/index.ts
FNF:0
FNH:0
LF:0
LH:0
BRF:0
BRH:0
end_of_record
TN:
SF:src/shared/lists/FilterChips.tsx
FN:34,FilterChips
FN:48,(anonymous_1)
FN:58,(anonymous_2)
FNF:3
FNH:0
FNDA:0,FilterChips
FNDA:0,(anonymous_1)
FNDA:0,(anonymous_2)
DA:42,0
DA:43,0
DA:45,0
DA:46,0
DA:48,0
DA:49,0
DA:50,0
DA:51,0
DA:58,0
DA:77,0
DA:78,0
DA:81,0
DA:93,0
LF:13
LH:0
BRDA:45,0,0,0
BRDA:45,0,1,0
BRDA:46,1,0,0
BRDA:46,1,1,0
BRDA:49,2,0,0
BRDA:49,2,1,0
BRDA:56,3,0,0
BRDA:56,3,1,0
BRDA:63,4,0,0
BRDA:63,4,1,0
BRDA:66,5,0,0
BRDA:66,5,1,0
BRDA:67,6,0,0
BRDA:67,6,1,0
BRDA:68,7,0,0
BRDA:68,7,1,0
BRDA:77,8,0,0
BRDA:77,8,1,0
BRF:18
BRH:0
end_of_record
TN:
SF:src/shared/lists/SearchBar.tsx
FN:17,SearchBar
FNF:1
FNH:0
FNDA:0,SearchBar
DA:24,0
DA:40,0
LF:2
LH:0
BRDA:20,0,0,0
BRDA:21,1,0,0
BRF:2
BRH:0
end_of_record
TN:
SF:src/shared/lists/index.ts
FNF:0
FNH:0
LF:0
LH:0
BRF:0
BRH:0
end_of_record
TN:
SF:src/shared/media/CameraCaptureModal.tsx
FN:20,CameraCaptureModal
FN:66,handleCapture
FN:82,handleUsePhoto
FN:95,(anonymous_3)
FN:109,(anonymous_4)
FN:109,(anonymous_5)
FNF:6
FNH:1
FNDA:1,CameraCaptureModal
FNDA:0,handleCapture
FNDA:0,handleUsePhoto
FNDA:0,(anonymous_3)
FNDA:0,(anonymous_4)
FNDA:0,(anonymous_5)
DA:21,1
DA:22,1
DA:23,1
DA:24,1
DA:25,1
DA:26,1
DA:28,1
DA:30,1
DA:31,0
DA:40,1
DA:41,0
DA:67,0
DA:68,0
DA:69,0
DA:73,0
DA:74,0
DA:77,0
DA:83,0
DA:84,0
DA:85,0
DA:86,0
DA:90,1
DA:95,0
DA:109,0
DA:125,1
LF:25
LH:11
BRDA:28,0,0,0
BRDA:28,0,1,1
BRDA:30,1,0,0
BRDA:30,1,1,1
BRDA:40,2,0,0
BRDA:40,2,1,1
BRDA:67,3,0,0
BRDA:67,3,1,0
BRDA:73,4,0,0
BRDA:73,4,1,0
BRDA:83,5,0,0
BRDA:83,5,1,0
BRDA:92,6,0,0
BRDA:92,6,1,1
BRDA:109,7,0,0
BRDA:109,7,1,0
BRF:16
BRH:4
end_of_record
TN:
SF:src/shared/media/CapturedImagePreview.tsx
FN:12,CapturedImagePreview
FNF:1
FNH:1
FNDA:1,CapturedImagePreview
DA:13,1
DA:24,1
LF:2
LH:2
BRF:0
BRH:0
end_of_record
TN:
SF:src/shared/media/MediaActionButton.tsx
FN:10,MediaActionButton
FNF:1
FNH:1
FNDA:2,MediaActionButton
DA:11,2
DA:18,1
LF:2
LH:2
BRDA:10,0,0,2
BRDA:10,1,0,2
BRF:2
BRH:2
end_of_record
TN:
SF:src/shared/media/index.ts
FNF:0
FNH:0
LF:0
LH:0
BRF:0
BRH:0
end_of_record
TN:
SF:src/shared/modals/ConfirmationDialog.tsx
FN:23,ConfirmationDialog
FNF:1
FNH:1
FNDA:2,ConfirmationDialog
DA:34,2
DA:36,2
DA:68,2
LF:3
LH:3
BRDA:27,0,0,0
BRDA:28,1,0,0
BRDA:29,2,0,0
BRDA:30,3,0,0
BRDA:55,4,0,2
BRDA:55,4,1,0
BRDA:55,5,0,0
BRDA:55,5,1,0
BRF:8
BRH:1
end_of_record
TN:
SF:src/shared/modals/index.ts
FNF:0
FNH:0
LF:0
LH:0
BRF:0
BRH:0
end_of_record
TN:
SF:src/shared/theme/ThemeProvider.tsx
FNF:0
FNH:0
LF:0
LH:0
BRF:0
BRH:0
end_of_record
TN:
SF:src/shared/theme/appTheme.ts
FNF:0
FNH:0
DA:3,5
LF:1
LH:1
BRF:0
BRH:0
end_of_record
TN:
SF:src/shared/theme/colors.ts
FNF:0
FNH:0
DA:1,16
LF:1
LH:1
BRF:0
BRH:0
end_of_record
TN:
SF:src/shared/theme/darkTheme.ts
FNF:0
FNH:0
DA:10,16
LF:1
LH:1
BRF:0
BRH:0
end_of_record
TN:
SF:src/shared/theme/gradients.ts
FNF:0
FNH:0
DA:1,5
LF:1
LH:1
BRF:0
BRH:0
end_of_record
TN:
SF:src/shared/theme/index.ts
FNF:0
FNH:0
DA:26,5
LF:1
LH:1
BRF:0
BRH:0
end_of_record
TN:
SF:src/shared/theme/layout.ts
FNF:0
FNH:0
DA:1,16
DA:17,16
LF:2
LH:2
BRF:0
BRH:0
end_of_record
TN:
SF:src/shared/theme/lightTheme.ts
FNF:0
FNH:0
DA:10,16
LF:1
LH:1
BRF:0
BRH:0
end_of_record
TN:
SF:src/shared/theme/radius.ts
FNF:0
FNH:0
DA:1,16
DA:16,16
LF:2
LH:2
BRF:0
BRH:0
end_of_record
TN:
SF:src/shared/theme/shadows.ts
FNF:0
FNH:0
DA:3,16
DA:32,16
LF:2
LH:2
BRF:0
BRH:0
end_of_record
TN:
SF:src/shared/theme/spacing.ts
FNF:0
FNH:0
DA:1,16
DA:24,16
LF:2
LH:2
BRF:0
BRH:0
end_of_record
TN:
SF:src/shared/theme/theme.types.ts
FNF:0
FNH:0
LF:0
LH:0
BRF:0
BRH:0
end_of_record
TN:
SF:src/shared/theme/typography.ts
FNF:0
FNH:0
DA:3,16
DA:9,16
DA:168,16
LF:3
LH:3
BRF:0
BRH:0
end_of_record
TN:
SF:src/shared/theme/useAppTheme.ts
FNF:0
FNH:0
LF:0
LH:0
BRF:0
BRH:0
end_of_record
TN:
SF:src/shared/theme/zIndex.ts
FNF:0
FNH:0
DA:1,16
DA:13,16
LF:2
LH:2
BRF:0
BRH:0
end_of_record
TN:
SF:src/shared/types/accounting.types.ts
FNF:0
FNH:0
LF:0
LH:0
BRF:0
BRH:0
end_of_record
TN:
SF:src/shared/types/admin.types.ts
FNF:0
FNH:0
LF:0
LH:0
BRF:0
BRH:0
end_of_record
TN:
SF:src/shared/types/amc.types.ts
FNF:0
FNH:0
LF:0
LH:0
BRF:0
BRH:0
end_of_record
TN:
SF:src/shared/types/asset.types.ts
FNF:0
FNH:0
LF:0
LH:0
BRF:0
BRH:0
end_of_record
TN:
SF:src/shared/types/attendance.types.ts
FNF:0
FNH:0
LF:0
LH:0
BRF:0
BRH:0
end_of_record
TN:
SF:src/shared/types/bill.types.ts
FNF:0
FNH:0
LF:0
LH:0
BRF:0
BRH:0
end_of_record
TN:
SF:src/shared/types/biometric.types.ts
FNF:0
FNH:0
LF:0
LH:0
BRF:0
BRH:0
end_of_record
TN:
SF:src/shared/types/borrowLend.types.ts
FNF:0
FNH:0
LF:0
LH:0
BRF:0
BRH:0
end_of_record
TN:
SF:src/shared/types/cctv.types.ts
FNF:0
FNH:0
LF:0
LH:0
BRF:0
BRH:0
end_of_record
TN:
SF:src/shared/types/chat.types.ts
FNF:0
FNH:0
LF:0
LH:0
BRF:0
BRH:0
end_of_record
TN:
SF:src/shared/types/community.types.ts
FNF:0
FNH:0
LF:0
LH:0
BRF:0
BRH:0
end_of_record
TN:
SF:src/shared/types/complaint.types.ts
FNF:0
FNH:0
LF:0
LH:0
BRF:0
BRH:0
end_of_record
TN:
SF:src/shared/types/compliance.types.ts
FNF:0
FNH:0
LF:0
LH:0
BRF:0
BRH:0
end_of_record
TN:
SF:src/shared/types/complianceCalendar.types.ts
FNF:0
FNH:0
LF:0
LH:0
BRF:0
BRH:0
end_of_record
TN:
SF:src/shared/types/disputeMediation.types.ts
FNF:0
FNH:0
LF:0
LH:0
BRF:0
BRH:0
end_of_record
TN:
SF:src/shared/types/document.types.ts
FNF:0
FNH:0
LF:0
LH:0
BRF:0
BRH:0
end_of_record
TN:
SF:src/shared/types/domesticHelp.types.ts
FNF:0
FNH:0
LF:0
LH:0
BRF:0
BRH:0
end_of_record
TN:
SF:src/shared/types/election.types.ts
FNF:0
FNH:0
LF:0
LH:0
BRF:0
BRH:0
end_of_record
TN:
SF:src/shared/types/emergency.types.ts
FNF:0
FNH:0
LF:0
LH:0
BRF:0
BRH:0
end_of_record
TN:
SF:src/shared/types/evCharging.types.ts
FNF:0
FNH:0
LF:0
LH:0
BRF:0
BRH:0
end_of_record
TN:
SF:src/shared/types/facility.types.ts
FNF:0
FNH:0
LF:0
LH:0
BRF:0
BRH:0
end_of_record
TN:
SF:src/shared/types/facilityBooking.types.ts
FNF:0
FNH:0
LF:0
LH:0
BRF:0
BRH:0
end_of_record
TN:
SF:src/shared/types/fireSafety.types.ts
FNF:0
FNH:0
LF:0
LH:0
BRF:0
BRH:0
end_of_record
TN:
SF:src/shared/types/gate.types.ts
FNF:0
FNH:0
LF:0
LH:0
BRF:0
BRH:0
end_of_record
TN:
SF:src/shared/types/gateHardware.types.ts
FNF:0
FNH:0
LF:0
LH:0
BRF:0
BRH:0
end_of_record
TN:
SF:src/shared/types/governance.types.ts
FNF:0
FNH:0
LF:0
LH:0
BRF:0
BRH:0
end_of_record
TN:
SF:src/shared/types/guard.types.ts
FNF:0
FNH:0
LF:0
LH:0
BRF:0
BRH:0
end_of_record
TN:
SF:src/shared/types/hardware.types.ts
FNF:0
FNH:0
LF:0
LH:0
BRF:0
BRH:0
end_of_record
TN:
SF:src/shared/types/helpdesk.types.ts
FNF:0
FNH:0
LF:0
LH:0
BRF:0
BRH:0
end_of_record
TN:
SF:src/shared/types/hook.types.ts
FNF:0
FNH:0
LF:0
LH:0
BRF:0
BRH:0
end_of_record
TN:
SF:src/shared/types/housekeeping.types.ts
FNF:0
FNH:0
LF:0
LH:0
BRF:0
BRH:0
end_of_record
TN:
SF:src/shared/types/interFlat.types.ts
FNF:0
FNH:0
LF:0
LH:0
BRF:0
BRH:0
end_of_record
TN:
SF:src/shared/types/inventory.types.ts
FNF:0
FNH:0
LF:0
LH:0
BRF:0
BRH:0
end_of_record
TN:
SF:src/shared/types/ledger.types.ts
FNF:0
FNH:0
LF:0
LH:0
BRF:0
BRH:0
end_of_record
TN:
SF:src/shared/types/liftSafety.types.ts
FNF:0
FNH:0
LF:0
LH:0
BRF:0
BRH:0
end_of_record
TN:
SF:src/shared/types/lostFound.types.ts
FNF:0
FNH:0
LF:0
LH:0
BRF:0
BRH:0
end_of_record
TN:
SF:src/shared/types/marketplace.types.ts
FNF:0
FNH:0
LF:0
LH:0
BRF:0
BRH:0
end_of_record
TN:
SF:src/shared/types/meeting.types.ts
FNF:0
FNH:0
LF:0
LH:0
BRF:0
BRH:0
end_of_record
TN:
SF:src/shared/types/moveOut.types.ts
FNF:0
FNH:0
LF:0
LH:0
BRF:0
BRH:0
end_of_record
TN:
SF:src/shared/types/noc.types.ts
FNF:0
FNH:0
LF:0
LH:0
BRF:0
BRH:0
end_of_record
TN:
SF:src/shared/types/notice.types.ts
FNF:0
FNH:0
LF:0
LH:0
BRF:0
BRH:0
end_of_record
TN:
SF:src/shared/types/occupancy.types.ts
FNF:0
FNH:0
LF:0
LH:0
BRF:0
BRH:0
end_of_record
TN:
SF:src/shared/types/ownerTenant.types.ts
FNF:0
FNH:0
LF:0
LH:0
BRF:0
BRH:0
end_of_record
TN:
SF:src/shared/types/parking.types.ts
FNF:0
FNH:0
LF:0
LH:0
BRF:0
BRH:0
end_of_record
TN:
SF:src/shared/types/platform.types.ts
FNF:0
FNH:0
LF:0
LH:0
BRF:0
BRH:0
end_of_record
TN:
SF:src/shared/types/platformAnalytics.types.ts
FNF:0
FNH:0
LF:0
LH:0
BRF:0
BRH:0
end_of_record
TN:
SF:src/shared/types/platformCommercial.types.ts
FNF:0
FNH:0
LF:0
LH:0
BRF:0
BRH:0
end_of_record
TN:
SF:src/shared/types/platformSociety.types.ts
FNF:0
FNH:0
LF:0
LH:0
BRF:0
BRH:0
end_of_record
TN:
SF:src/shared/types/platformSupport.types.ts
FNF:0
FNH:0
LF:0
LH:0
BRF:0
BRH:0
end_of_record
TN:
SF:src/shared/types/poll.types.ts
FNF:0
FNH:0
LF:0
LH:0
BRF:0
BRH:0
end_of_record
TN:
SF:src/shared/types/privacy.types.ts
FNF:0
FNH:0
LF:0
LH:0
BRF:0
BRH:0
end_of_record
TN:
SF:src/shared/types/reports.types.ts
FNF:0
FNH:0
LF:0
LH:0
BRF:0
BRH:0
end_of_record
TN:
SF:src/shared/types/resident.types.ts
FNF:0
FNH:0
LF:0
LH:0
BRF:0
BRH:0
end_of_record
TN:
SF:src/shared/types/residentConnect.types.ts
FNF:0
FNH:0
LF:0
LH:0
BRF:0
BRH:0
end_of_record
TN:
SF:src/shared/types/resolution.types.ts
FNF:0
FNH:0
LF:0
LH:0
BRF:0
BRH:0
end_of_record
TN:
SF:src/shared/types/rules.types.ts
FNF:0
FNH:0
LF:0
LH:0
BRF:0
BRH:0
end_of_record
TN:
SF:src/shared/types/safety.types.ts
FNF:0
FNH:0
LF:0
LH:0
BRF:0
BRH:0
end_of_record
TN:
SF:src/shared/types/seniorCare.types.ts
FNF:0
FNH:0
LF:0
LH:0
BRF:0
BRH:0
end_of_record
TN:
SF:src/shared/types/skillDirectory.types.ts
FNF:0
FNH:0
LF:0
LH:0
BRF:0
BRH:0
end_of_record
TN:
SF:src/shared/types/smartMeter.types.ts
FNF:0
FNH:0
LF:0
LH:0
BRF:0
BRH:0
end_of_record
TN:
SF:src/shared/types/staff.types.ts
FNF:0
FNH:0
LF:0
LH:0
BRF:0
BRH:0
end_of_record
TN:
SF:src/shared/types/unitAccess.types.ts
FNF:0
FNH:0
LF:0
LH:0
BRF:0
BRH:0
end_of_record
TN:
SF:src/shared/types/vehicle.types.ts
FNF:0
FNH:0
LF:0
LH:0
BRF:0
BRH:0
end_of_record
TN:
SF:src/shared/types/vendor.types.ts
FNF:0
FNH:0
LF:0
LH:0
BRF:0
BRH:0
end_of_record
TN:
SF:src/shared/types/visitor.types.ts
FNF:0
FNH:0
LF:0
LH:0
BRF:0
BRH:0
end_of_record
TN:
SF:src/shared/types/volunteer.types.ts
FNF:0
FNH:0
LF:0
LH:0
BRF:0
BRH:0
end_of_record
TN:
SF:src/shared/types/wasteCompliance.types.ts
FNF:0
FNH:0
LF:0
LH:0
BRF:0
BRH:0
end_of_record
TN:
SF:src/shared/types/workOrder.types.ts
FNF:0
FNH:0
LF:0
LH:0
BRF:0
BRH:0
end_of_record
TN:
SF:src/shared/utils/errorMessages.ts
FN:5,toSafeUserMessage
FN:14,(anonymous_1)
FNF:2
FNH:0
FNDA:0,toSafeUserMessage
FNDA:0,(anonymous_1)
DA:3,0
DA:6,0
DA:7,0
DA:10,0
DA:11,0
DA:12,0
DA:14,0
DA:15,0
DA:17,0
DA:18,0
DA:20,0
DA:21,0
DA:23,0
LF:13
LH:0
BRDA:6,0,0,0
BRDA:6,0,1,0
BRDA:10,1,0,0
BRDA:10,1,1,0
BRDA:11,2,0,0
BRDA:11,2,1,0
BRDA:11,3,0,0
BRDA:11,3,1,0
BRDA:14,4,0,0
BRDA:14,4,1,0
BRDA:17,5,0,0
BRDA:17,5,1,0
BRDA:17,6,0,0
BRDA:17,6,1,0
BRDA:20,7,0,0
BRDA:20,7,1,0
BRDA:20,8,0,0
BRDA:20,8,1,0
BRF:18
BRH:0
end_of_record
TN:
SF:src/shared/utils/formatters.ts
FN:13,getGreeting
FN:23,formatCurrency
FN:30,formatDate
FN:42,formatRelativeDate
FN:57,getVisitorStatusLabel
FN:72,getVisitorTypeLabel
FN:85,getVisitorTypeIconName
FN:98,getComplaintStatusLabel
FN:113,getComplaintPriorityLabel
FN:126,getComplaintCategoryLabel
FN:144,getComplaintCategoryIconName
FN:162,getBillStatusLabel
FN:179,getNoticeCategoryLabel
FN:197,getNoticePriorityLabel
FN:210,formatDateTime
FN:228,generateMockTransactionId
FN:235,generateMockReceiptNumber
FN:242,getDocumentCategoryLabel
FN:270,getNocTypeLabel
FN:286,getDocumentSensitivityLabel
FN:302,getContactCategoryLabel
FN:319,getFacilityCategoryLabel
FNF:22
FNH:0
FNDA:0,getGreeting
FNDA:0,formatCurrency
FNDA:0,formatDate
FNDA:0,formatRelativeDate
FNDA:0,getVisitorStatusLabel
FNDA:0,getVisitorTypeLabel
FNDA:0,getVisitorTypeIconName
FNDA:0,getComplaintStatusLabel
FNDA:0,getComplaintPriorityLabel
FNDA:0,getComplaintCategoryLabel
FNDA:0,getComplaintCategoryIconName
FNDA:0,getBillStatusLabel
FNDA:0,getNoticeCategoryLabel
FNDA:0,getNoticePriorityLabel
FNDA:0,formatDateTime
FNDA:0,generateMockTransactionId
FNDA:0,generateMockReceiptNumber
FNDA:0,getDocumentCategoryLabel
FNDA:0,getNocTypeLabel
FNDA:0,getDocumentSensitivityLabel
FNDA:0,getContactCategoryLabel
FNDA:0,getFacilityCategoryLabel
DA:14,0
DA:15,0
DA:16,0
DA:17,0
DA:24,0
DA:31,0
DA:32,0
DA:43,0
DA:44,0
DA:45,0
DA:46,0
DA:48,0
DA:49,0
DA:50,0
DA:51,0
DA:58,0
DA:66,0
DA:73,0
DA:79,0
DA:86,0
DA:92,0
DA:99,0
DA:107,0
DA:114,0
DA:120,0
DA:127,0
DA:138,0
DA:145,0
DA:156,0
DA:163,0
DA:173,0
DA:180,0
DA:191,0
DA:198,0
DA:204,0
DA:211,0
DA:212,0
DA:217,0
DA:222,0
DA:229,0
DA:236,0
DA:243,0
DA:264,0
DA:271,0
DA:280,0
DA:287,0
DA:296,0
DA:303,0
DA:313,0
DA:320,0
DA:330,0
LF:51
LH:0
BRDA:15,0,0,0
BRDA:15,0,1,0
BRDA:16,1,0,0
BRDA:16,1,1,0
BRDA:48,2,0,0
BRDA:48,2,1,0
BRDA:49,3,0,0
BRDA:49,3,1,0
BRDA:50,4,0,0
BRDA:50,4,1,0
BRDA:173,5,0,0
BRDA:173,5,1,0
BRDA:191,6,0,0
BRDA:191,6,1,0
BRDA:204,7,0,0
BRDA:204,7,1,0
BRDA:264,8,0,0
BRDA:264,8,1,0
BRDA:280,9,0,0
BRDA:280,9,1,0
BRDA:296,10,0,0
BRDA:296,10,1,0
BRDA:313,11,0,0
BRDA:313,11,1,0
BRDA:330,12,0,0
BRDA:330,12,1,0
BRF:26
BRH:0
end_of_record
TN:
SF:src/shared/utils/masking.ts
FN:1,digitsOnly
FN:5,safeValue
FN:9,maskMobileNumber
FN:17,maskEmail
FN:27,maskAadhaar
FN:32,maskPan
FN:40,maskGst
FN:48,maskVehicleNumber
FN:57,maskRfid
FN:65,maskDocumentNumber
FN:70,maskBankAccount
FNF:11
FNH:11
FNDA:5,digitsOnly
FNDA:13,safeValue
FNDA:2,maskMobileNumber
FNDA:2,maskEmail
FNDA:2,maskAadhaar
FNDA:1,maskPan
FNDA:1,maskGst
FNDA:2,maskVehicleNumber
FNDA:1,maskRfid
FNDA:1,maskDocumentNumber
FNDA:1,maskBankAccount
DA:2,5
DA:6,13
DA:10,2
DA:11,2
DA:12,1
DA:14,1
DA:18,2
DA:19,2
DA:20,2
DA:21,1
DA:23,1
DA:24,1
DA:28,2
DA:29,2
DA:33,1
DA:34,1
DA:35,0
DA:37,1
DA:41,1
DA:42,1
DA:43,0
DA:45,1
DA:49,2
DA:50,2
DA:51,1
DA:53,1
DA:54,1
DA:58,1
DA:59,1
DA:60,0
DA:62,1
DA:66,1
DA:67,1
DA:71,1
DA:72,1
LF:35
LH:32
BRDA:6,0,0,13
BRDA:6,0,1,0
BRDA:11,1,0,1
BRDA:11,1,1,1
BRDA:12,2,0,0
BRDA:12,2,1,1
BRDA:20,3,0,1
BRDA:20,3,1,1
BRDA:20,4,0,2
BRDA:20,4,1,1
BRDA:21,5,0,0
BRDA:21,5,1,1
BRDA:29,6,0,1
BRDA:29,6,1,1
BRDA:34,7,0,0
BRDA:34,7,1,1
BRDA:35,8,0,0
BRDA:35,8,1,0
BRDA:42,9,0,0
BRDA:42,9,1,1
BRDA:43,10,0,0
BRDA:43,10,1,0
BRDA:48,11,0,1
BRDA:50,12,0,1
BRDA:50,12,1,1
BRDA:54,13,0,1
BRDA:54,13,1,0
BRDA:59,14,0,0
BRDA:59,14,1,1
BRDA:67,15,0,1
BRDA:67,15,1,0
BRDA:72,16,0,1
BRDA:72,16,1,0
BRF:33
BRH:20
end_of_record
TN:
SF:src/shared/utils/statusPresentation.ts
FN:8,getStatusPresentation
FN:504,(anonymous_1)
FNF:2
FNH:2
FNDA:4,getStatusPresentation
FNDA:5,(anonymous_1)
DA:9,4
DA:12,4
DA:13,4
DA:15,4
DA:17,4
DA:18,3
DA:29,3
DA:30,1
DA:31,0
DA:39,0
DA:40,1
DA:41,1
DA:54,1
DA:55,0
DA:56,0
DA:64,0
DA:65,0
DA:66,0
DA:73,0
DA:74,0
DA:75,0
DA:85,0
DA:86,0
DA:87,0
DA:99,0
DA:100,0
DA:101,0
DA:111,0
DA:112,0
DA:113,0
DA:123,0
DA:124,0
DA:125,0
DA:138,0
DA:139,0
DA:140,0
DA:198,0
DA:199,0
DA:205,0
DA:267,0
DA:268,0
DA:273,0
DA:286,0
DA:287,0
DA:294,0
DA:325,0
DA:326,0
DA:333,0
DA:392,0
DA:393,0
DA:400,0
DA:401,0
DA:403,0
DA:499,0
DA:504,5
DA:506,4
LF:56
LH:13
BRDA:17,0,0,3
BRDA:17,0,1,1
BRDA:17,1,0,4
BRDA:17,1,1,1
BRDA:29,2,0,3
BRDA:29,2,1,0
BRDA:30,3,0,0
BRDA:30,3,1,1
BRDA:30,4,0,1
BRDA:30,4,1,1
BRDA:39,5,0,0
BRDA:39,5,1,0
BRDA:40,6,0,1
BRDA:40,6,1,0
BRDA:40,7,0,1
BRDA:40,7,1,0
BRDA:40,7,2,0
BRDA:54,8,0,1
BRDA:54,8,1,0
BRDA:55,9,0,0
BRDA:55,9,1,0
BRDA:55,10,0,0
BRDA:55,10,1,0
BRDA:64,11,0,0
BRDA:64,11,1,0
BRDA:65,12,0,0
BRDA:65,12,1,0
BRDA:65,13,0,0
BRDA:65,13,1,0
BRDA:73,14,0,0
BRDA:73,14,1,0
BRDA:74,15,0,0
BRDA:74,15,1,0
BRDA:74,16,0,0
BRDA:74,16,1,0
BRDA:85,17,0,0
BRDA:85,17,1,0
BRDA:86,18,0,0
BRDA:86,18,1,0
BRDA:86,19,0,0
BRDA:86,19,1,0
BRDA:99,20,0,0
BRDA:99,20,1,0
BRDA:100,21,0,0
BRDA:100,21,1,0
BRDA:100,22,0,0
BRDA:100,22,1,0
BRDA:111,23,0,0
BRDA:111,23,1,0
BRDA:112,24,0,0
BRDA:112,24,1,0
BRDA:123,25,0,0
BRDA:123,25,1,0
BRDA:124,26,0,0
BRDA:124,26,1,0
BRDA:124,27,0,0
BRDA:124,27,1,0
BRDA:124,27,2,0
BRDA:124,27,3,0
BRDA:138,28,0,0
BRDA:138,28,1,0
BRDA:139,29,0,0
BRDA:139,29,1,0
BRDA:139,30,0,0
BRDA:139,30,1,0
BRDA:139,30,2,0
BRDA:139,30,3,0
BRDA:198,31,0,0
BRDA:198,31,1,0
BRDA:199,32,0,0
BRDA:199,32,1,0
BRDA:200,33,0,0
BRDA:200,33,1,0
BRDA:200,33,2,0
BRDA:200,33,3,0
BRDA:267,34,0,0
BRDA:267,34,1,0
BRDA:268,35,0,0
BRDA:268,35,1,0
BRDA:269,36,0,0
BRDA:269,36,1,0
BRDA:269,36,2,0
BRDA:286,37,0,0
BRDA:286,37,1,0
BRDA:287,38,0,0
BRDA:287,38,1,0
BRDA:288,39,0,0
BRDA:288,39,1,0
BRDA:288,39,2,0
BRDA:288,39,3,0
BRDA:288,39,4,0
BRDA:325,40,0,0
BRDA:325,40,1,0
BRDA:326,41,0,0
BRDA:326,41,1,0
BRDA:327,42,0,0
BRDA:327,42,1,0
BRDA:327,42,2,0
BRDA:327,42,3,0
BRDA:327,42,4,0
BRDA:392,43,0,0
BRDA:392,43,1,0
BRDA:393,44,0,0
BRDA:393,44,1,0
BRDA:394,45,0,0
BRDA:394,45,1,0
BRDA:394,45,2,0
BRDA:394,45,3,0
BRDA:394,45,4,0
BRDA:400,46,0,0
BRDA:400,46,1,0
BRDA:401,47,0,0
BRDA:401,47,1,0
BRDA:499,48,0,0
BRDA:499,48,1,0
BRF:115
BRH:11
end_of_record
TN:
SF:src/shared/utils/validators.ts
FNF:0
FNH:0
LF:0
LH:0
BRF:0
BRH:0
end_of_record
TN:
SF:src/shared/validators/common.validators.ts
FN:6,isRequired
FN:10,isValidIndianMobile
FN:14,isValidEmail
FN:18,isValidVehicleNumber
FN:22,minLength
FN:26,isPositiveNumber
FNF:6
FNH:6
FNDA:49,isRequired
FNDA:8,isValidIndianMobile
FNDA:5,isValidEmail
FNDA:7,isValidVehicleNumber
FNDA:6,minLength
FNDA:4,isPositiveNumber
DA:7,49
DA:11,8
DA:15,5
DA:19,7
DA:23,6
DA:27,4
DA:28,4
LF:7
LH:7
BRDA:27,0,0,1
BRDA:27,0,1,3
BRDA:28,1,0,4
BRDA:28,1,1,3
BRF:4
BRH:4
end_of_record
TN:
SF:src/test/mockApiClient.ts
FN:3,createApiSuccess
FN:12,createApiFailure
FNF:2
FNH:1
FNDA:2,createApiSuccess
FNDA:0,createApiFailure
DA:4,2
DA:13,0
LF:2
LH:1
BRDA:12,0,0,0
BRF:1
BRH:0
end_of_record
TN:
SF:src/test/mockNavigation.ts
FN:1,createMockNavigation
FNF:1
FNH:0
FNDA:0,createMockNavigation
DA:2,0
LF:1
LH:0
BRF:0
BRH:0
end_of_record
TN:
SF:src/test/testUtils.tsx
FN:6,TestProviders
FN:14,renderWithProviders
FNF:2
FNH:2
FNDA:76,TestProviders
FNDA:76,renderWithProviders
DA:7,76
DA:15,76
LF:2
LH:2
BRF:0
BRH:0
end_of_record
TN:
SF:src/test/factories/billFactory.ts
FN:3,createBill
FNF:1
FNH:0
FNDA:0,createBill
DA:4,0
LF:1
LH:0
BRDA:3,0,0,0
BRF:1
BRH:0
end_of_record
TN:
SF:src/test/factories/complaintFactory.ts
FN:3,createComplaint
FNF:1
FNH:0
FNDA:0,createComplaint
DA:4,0
LF:1
LH:0
BRDA:3,0,0,0
BRF:1
BRH:0
end_of_record
TN:
SF:src/test/factories/documentFactory.ts
FN:3,createDocument
FNF:1
FNH:0
FNDA:0,createDocument
DA:4,0
LF:1
LH:0
BRDA:3,0,0,0
BRF:1
BRH:0
end_of_record
TN:
SF:src/test/factories/facilityFactory.ts
FN:1,createFacility
FNF:1
FNH:0
FNDA:0,createFacility
DA:2,0
LF:1
LH:0
BRDA:1,0,0,0
BRF:1
BRH:0
end_of_record
TN:
SF:src/test/factories/governanceFactory.ts
FN:1,createPoll
FNF:1
FNH:0
FNDA:0,createPoll
DA:2,0
LF:1
LH:0
BRDA:1,0,0,0
BRF:1
BRH:0
end_of_record
TN:
SF:src/test/factories/guardFactory.ts
FN:1,createGatePass
FNF:1
FNH:0
FNDA:0,createGatePass
DA:2,0
LF:1
LH:0
BRDA:1,0,0,0
BRF:1
BRH:0
end_of_record
TN:
SF:src/test/factories/nocFactory.ts
FN:1,createNocRequest
FNF:1
FNH:0
FNDA:0,createNocRequest
DA:2,0
LF:1
LH:0
BRDA:1,0,0,0
BRF:1
BRH:0
end_of_record
TN:
SF:src/test/factories/noticeFactory.ts
FN:1,createNotice
FNF:1
FNH:0
FNDA:0,createNotice
DA:2,0
LF:1
LH:0
BRDA:1,0,0,0
BRF:1
BRH:0
end_of_record
TN:
SF:src/test/factories/parkingFactory.ts
FN:1,createVehicle
FNF:1
FNH:0
FNDA:0,createVehicle
DA:2,0
LF:1
LH:0
BRDA:1,0,0,0
BRF:1
BRH:0
end_of_record
TN:
SF:src/test/factories/residentConnectFactory.ts
FN:3,createResidentDirectoryEntry
FNF:1
FNH:0
FNDA:0,createResidentDirectoryEntry
DA:4,0
LF:1
LH:0
BRDA:3,0,0,0
BRF:1
BRH:0
end_of_record
TN:
SF:src/test/factories/visitorFactory.ts
FN:3,createVisitor
FNF:1
FNH:0
FNDA:0,createVisitor
DA:4,0
LF:1
LH:0
BRDA:3,0,0,0
BRF:1
BRH:0
end_of_record
